Start testing: May 19 14:06 CDT
----------------------------------------------------------
1/121 Testing: OrderBookTest.AcceptedOrderRestsOnBookWhenNotCrossing
1/121 Test: OrderBookTest.AcceptedOrderRestsOnBookWhenNotCrossing
Command: "/Users/ericzhou/Desktop/Productivity/Projects/Serious/MatchingEngine/build-release/order_book_test" "--gtest_filter=OrderBookTest.AcceptedOrderRestsOnBookWhenNotCrossing" "--gtest_also_run_disabled_tests"
Directory: /Users/ericzhou/Desktop/Productivity/Projects/Serious/MatchingEngine/build-release
"OrderBookTest.AcceptedOrderRestsOnBookWhenNotCrossing" start time: May 19 14:06 CDT
Output:
----------------------------------------------------------
Running main() from /Users/ericzhou/Desktop/Productivity/Projects/Serious/MatchingEngine/build-release/_deps/googletest-src/googletest/src/gtest_main.cc
Note: Google Test filter = OrderBookTest.AcceptedOrderRestsOnBookWhenNotCrossing
[==========] Running 1 test from 1 test suite.
[----------] Global test environment set-up.
[----------] 1 test from OrderBookTest
[ RUN      ] OrderBookTest.AcceptedOrderRestsOnBookWhenNotCrossing
[       OK ] OrderBookTest.AcceptedOrderRestsOnBookWhenNotCrossing (0 ms)
[----------] 1 test from OrderBookTest (0 ms total)

[----------] Global test environment tear-down
[==========] 1 test from 1 test suite ran. (0 ms total)
[  PASSED  ] 1 test.
<end of output>
Test time =   0.00 sec
----------------------------------------------------------
Test Passed.
"OrderBookTest.AcceptedOrderRestsOnBookWhenNotCrossing" end time: May 19 14:06 CDT
"OrderBookTest.AcceptedOrderRestsOnBookWhenNotCrossing" time elapsed: 00:00:00
----------------------------------------------------------

2/121 Testing: OrderBookTest.DuplicateOrderIdIsRejected
2/121 Test: OrderBookTest.DuplicateOrderIdIsRejected
Command: "/Users/ericzhou/Desktop/Productivity/Projects/Serious/MatchingEngine/build-release/order_book_test" "--gtest_filter=OrderBookTest.DuplicateOrderIdIsRejected" "--gtest_also_run_disabled_tests"
Directory: /Users/ericzhou/Desktop/Productivity/Projects/Serious/MatchingEngine/build-release
"OrderBookTest.DuplicateOrderIdIsRejected" start time: May 19 14:06 CDT
Output:
----------------------------------------------------------
Running main() from /Users/ericzhou/Desktop/Productivity/Projects/Serious/MatchingEngine/build-release/_deps/googletest-src/googletest/src/gtest_main.cc
Note: Google Test filter = OrderBookTest.DuplicateOrderIdIsRejected
[==========] Running 1 test from 1 test suite.
[----------] Global test environment set-up.
[----------] 1 test from OrderBookTest
[ RUN      ] OrderBookTest.DuplicateOrderIdIsRejected
[       OK ] OrderBookTest.DuplicateOrderIdIsRejected (0 ms)
[----------] 1 test from OrderBookTest (0 ms total)

[----------] Global test environment tear-down
[==========] 1 test from 1 test suite ran. (0 ms total)
[  PASSED  ] 1 test.
<end of output>
Test time =   0.00 sec
----------------------------------------------------------
Test Passed.
"OrderBookTest.DuplicateOrderIdIsRejected" end time: May 19 14:06 CDT
"OrderBookTest.DuplicateOrderIdIsRejected" time elapsed: 00:00:00
----------------------------------------------------------

3/121 Testing: OrderBookTest.DuplicateOrderIdRejectsWithReasonAndPreservesOriginalOrder
3/121 Test: OrderBookTest.DuplicateOrderIdRejectsWithReasonAndPreservesOriginalOrder
Command: "/Users/ericzhou/Desktop/Productivity/Projects/Serious/MatchingEngine/build-release/order_book_test" "--gtest_filter=OrderBookTest.DuplicateOrderIdRejectsWithReasonAndPreservesOriginalOrder" "--gtest_also_run_disabled_tests"
Directory: /Users/ericzhou/Desktop/Productivity/Projects/Serious/MatchingEngine/build-release
"OrderBookTest.DuplicateOrderIdRejectsWithReasonAndPreservesOriginalOrder" start time: May 19 14:06 CDT
Output:
----------------------------------------------------------
Running main() from /Users/ericzhou/Desktop/Productivity/Projects/Serious/MatchingEngine/build-release/_deps/googletest-src/googletest/src/gtest_main.cc
Note: Google Test filter = OrderBookTest.DuplicateOrderIdRejectsWithReasonAndPreservesOriginalOrder
[==========] Running 1 test from 1 test suite.
[----------] Global test environment set-up.
[----------] 1 test from OrderBookTest
[ RUN      ] OrderBookTest.DuplicateOrderIdRejectsWithReasonAndPreservesOriginalOrder
[       OK ] OrderBookTest.DuplicateOrderIdRejectsWithReasonAndPreservesOriginalOrder (0 ms)
[----------] 1 test from OrderBookTest (0 ms total)

[----------] Global test environment tear-down
[==========] 1 test from 1 test suite ran. (0 ms total)
[  PASSED  ] 1 test.
<end of output>
Test time =   0.00 sec
----------------------------------------------------------
Test Passed.
"OrderBookTest.DuplicateOrderIdRejectsWithReasonAndPreservesOriginalOrder" end time: May 19 14:06 CDT
"OrderBookTest.DuplicateOrderIdRejectsWithReasonAndPreservesOriginalOrder" time elapsed: 00:00:00
----------------------------------------------------------

4/121 Testing: OrderBookTest.AggressiveBuyMatchesRestingSell
4/121 Test: OrderBookTest.AggressiveBuyMatchesRestingSell
Command: "/Users/ericzhou/Desktop/Productivity/Projects/Serious/MatchingEngine/build-release/order_book_test" "--gtest_filter=OrderBookTest.AggressiveBuyMatchesRestingSell" "--gtest_also_run_disabled_tests"
Directory: /Users/ericzhou/Desktop/Productivity/Projects/Serious/MatchingEngine/build-release
"OrderBookTest.AggressiveBuyMatchesRestingSell" start time: May 19 14:06 CDT
Output:
----------------------------------------------------------
Running main() from /Users/ericzhou/Desktop/Productivity/Projects/Serious/MatchingEngine/build-release/_deps/googletest-src/googletest/src/gtest_main.cc
Note: Google Test filter = OrderBookTest.AggressiveBuyMatchesRestingSell
[==========] Running 1 test from 1 test suite.
[----------] Global test environment set-up.
[----------] 1 test from OrderBookTest
[ RUN      ] OrderBookTest.AggressiveBuyMatchesRestingSell
[       OK ] OrderBookTest.AggressiveBuyMatchesRestingSell (0 ms)
[----------] 1 test from OrderBookTest (0 ms total)

[----------] Global test environment tear-down
[==========] 1 test from 1 test suite ran. (0 ms total)
[  PASSED  ] 1 test.
<end of output>
Test time =   0.00 sec
----------------------------------------------------------
Test Passed.
"OrderBookTest.AggressiveBuyMatchesRestingSell" end time: May 19 14:06 CDT
"OrderBookTest.AggressiveBuyMatchesRestingSell" time elapsed: 00:00:00
----------------------------------------------------------

5/121 Testing: OrderBookTest.AggressiveSellMatchesRestingBuy
5/121 Test: OrderBookTest.AggressiveSellMatchesRestingBuy
Command: "/Users/ericzhou/Desktop/Productivity/Projects/Serious/MatchingEngine/build-release/order_book_test" "--gtest_filter=OrderBookTest.AggressiveSellMatchesRestingBuy" "--gtest_also_run_disabled_tests"
Directory: /Users/ericzhou/Desktop/Productivity/Projects/Serious/MatchingEngine/build-release
"OrderBookTest.AggressiveSellMatchesRestingBuy" start time: May 19 14:06 CDT
Output:
----------------------------------------------------------
Running main() from /Users/ericzhou/Desktop/Productivity/Projects/Serious/MatchingEngine/build-release/_deps/googletest-src/googletest/src/gtest_main.cc
Note: Google Test filter = OrderBookTest.AggressiveSellMatchesRestingBuy
[==========] Running 1 test from 1 test suite.
[----------] Global test environment set-up.
[----------] 1 test from OrderBookTest
[ RUN      ] OrderBookTest.AggressiveSellMatchesRestingBuy
[       OK ] OrderBookTest.AggressiveSellMatchesRestingBuy (0 ms)
[----------] 1 test from OrderBookTest (0 ms total)

[----------] Global test environment tear-down
[==========] 1 test from 1 test suite ran. (0 ms total)
[  PASSED  ] 1 test.
<end of output>
Test time =   0.00 sec
----------------------------------------------------------
Test Passed.
"OrderBookTest.AggressiveSellMatchesRestingBuy" end time: May 19 14:06 CDT
"OrderBookTest.AggressiveSellMatchesRestingBuy" time elapsed: 00:00:00
----------------------------------------------------------

6/121 Testing: OrderBookTest.PriceTimePriorityOlderRestingOrderAtSamePriceFillsFirst
6/121 Test: OrderBookTest.PriceTimePriorityOlderRestingOrderAtSamePriceFillsFirst
Command: "/Users/ericzhou/Desktop/Productivity/Projects/Serious/MatchingEngine/build-release/order_book_test" "--gtest_filter=OrderBookTest.PriceTimePriorityOlderRestingOrderAtSamePriceFillsFirst" "--gtest_also_run_disabled_tests"
Directory: /Users/ericzhou/Desktop/Productivity/Projects/Serious/MatchingEngine/build-release
"OrderBookTest.PriceTimePriorityOlderRestingOrderAtSamePriceFillsFirst" start time: May 19 14:06 CDT
Output:
----------------------------------------------------------
Running main() from /Users/ericzhou/Desktop/Productivity/Projects/Serious/MatchingEngine/build-release/_deps/googletest-src/googletest/src/gtest_main.cc
Note: Google Test filter = OrderBookTest.PriceTimePriorityOlderRestingOrderAtSamePriceFillsFirst
[==========] Running 1 test from 1 test suite.
[----------] Global test environment set-up.
[----------] 1 test from OrderBookTest
[ RUN      ] OrderBookTest.PriceTimePriorityOlderRestingOrderAtSamePriceFillsFirst
[       OK ] OrderBookTest.PriceTimePriorityOlderRestingOrderAtSamePriceFillsFirst (0 ms)
[----------] 1 test from OrderBookTest (0 ms total)

[----------] Global test environment tear-down
[==========] 1 test from 1 test suite ran. (0 ms total)
[  PASSED  ] 1 test.
<end of output>
Test time =   0.00 sec
----------------------------------------------------------
Test Passed.
"OrderBookTest.PriceTimePriorityOlderRestingOrderAtSamePriceFillsFirst" end time: May 19 14:06 CDT
"OrderBookTest.PriceTimePriorityOlderRestingOrderAtSamePriceFillsFirst" time elapsed: 00:00:00
----------------------------------------------------------

7/121 Testing: OrderBookTest.PartialFillLeavesRemainingQuantityCorrectly
7/121 Test: OrderBookTest.PartialFillLeavesRemainingQuantityCorrectly
Command: "/Users/ericzhou/Desktop/Productivity/Projects/Serious/MatchingEngine/build-release/order_book_test" "--gtest_filter=OrderBookTest.PartialFillLeavesRemainingQuantityCorrectly" "--gtest_also_run_disabled_tests"
Directory: /Users/ericzhou/Desktop/Productivity/Projects/Serious/MatchingEngine/build-release
"OrderBookTest.PartialFillLeavesRemainingQuantityCorrectly" start time: May 19 14:06 CDT
Output:
----------------------------------------------------------
Running main() from /Users/ericzhou/Desktop/Productivity/Projects/Serious/MatchingEngine/build-release/_deps/googletest-src/googletest/src/gtest_main.cc
Note: Google Test filter = OrderBookTest.PartialFillLeavesRemainingQuantityCorrectly
[==========] Running 1 test from 1 test suite.
[----------] Global test environment set-up.
[----------] 1 test from OrderBookTest
[ RUN      ] OrderBookTest.PartialFillLeavesRemainingQuantityCorrectly
[       OK ] OrderBookTest.PartialFillLeavesRemainingQuantityCorrectly (0 ms)
[----------] 1 test from OrderBookTest (0 ms total)

[----------] Global test environment tear-down
[==========] 1 test from 1 test suite ran. (0 ms total)
[  PASSED  ] 1 test.
<end of output>
Test time =   0.00 sec
----------------------------------------------------------
Test Passed.
"OrderBookTest.PartialFillLeavesRemainingQuantityCorrectly" end time: May 19 14:06 CDT
"OrderBookTest.PartialFillLeavesRemainingQuantityCorrectly" time elapsed: 00:00:00
----------------------------------------------------------

8/121 Testing: OrderBookTest.PartialFillLeavesRestingOrderCancelableWithReducedQuantity
8/121 Test: OrderBookTest.PartialFillLeavesRestingOrderCancelableWithReducedQuantity
Command: "/Users/ericzhou/Desktop/Productivity/Projects/Serious/MatchingEngine/build-release/order_book_test" "--gtest_filter=OrderBookTest.PartialFillLeavesRestingOrderCancelableWithReducedQuantity" "--gtest_also_run_disabled_tests"
Directory: /Users/ericzhou/Desktop/Productivity/Projects/Serious/MatchingEngine/build-release
"OrderBookTest.PartialFillLeavesRestingOrderCancelableWithReducedQuantity" start time: May 19 14:06 CDT
Output:
----------------------------------------------------------
Running main() from /Users/ericzhou/Desktop/Productivity/Projects/Serious/MatchingEngine/build-release/_deps/googletest-src/googletest/src/gtest_main.cc
Note: Google Test filter = OrderBookTest.PartialFillLeavesRestingOrderCancelableWithReducedQuantity
[==========] Running 1 test from 1 test suite.
[----------] Global test environment set-up.
[----------] 1 test from OrderBookTest
[ RUN      ] OrderBookTest.PartialFillLeavesRestingOrderCancelableWithReducedQuantity
[       OK ] OrderBookTest.PartialFillLeavesRestingOrderCancelableWithReducedQuantity (0 ms)
[----------] 1 test from OrderBookTest (0 ms total)

[----------] Global test environment tear-down
[==========] 1 test from 1 test suite ran. (0 ms total)
[  PASSED  ] 1 test.
<end of output>
Test time =   0.00 sec
----------------------------------------------------------
Test Passed.
"OrderBookTest.PartialFillLeavesRestingOrderCancelableWithReducedQuantity" end time: May 19 14:06 CDT
"OrderBookTest.PartialFillLeavesRestingOrderCancelableWithReducedQuantity" time elapsed: 00:00:00
----------------------------------------------------------

9/121 Testing: OrderBookTest.AggressiveBuyWalksAskLevelsAndRestsRemainder
9/121 Test: OrderBookTest.AggressiveBuyWalksAskLevelsAndRestsRemainder
Command: "/Users/ericzhou/Desktop/Productivity/Projects/Serious/MatchingEngine/build-release/order_book_test" "--gtest_filter=OrderBookTest.AggressiveBuyWalksAskLevelsAndRestsRemainder" "--gtest_also_run_disabled_tests"
Directory: /Users/ericzhou/Desktop/Productivity/Projects/Serious/MatchingEngine/build-release
"OrderBookTest.AggressiveBuyWalksAskLevelsAndRestsRemainder" start time: May 19 14:06 CDT
Output:
----------------------------------------------------------
Running main() from /Users/ericzhou/Desktop/Productivity/Projects/Serious/MatchingEngine/build-release/_deps/googletest-src/googletest/src/gtest_main.cc
Note: Google Test filter = OrderBookTest.AggressiveBuyWalksAskLevelsAndRestsRemainder
[==========] Running 1 test from 1 test suite.
[----------] Global test environment set-up.
[----------] 1 test from OrderBookTest
[ RUN      ] OrderBookTest.AggressiveBuyWalksAskLevelsAndRestsRemainder
[       OK ] OrderBookTest.AggressiveBuyWalksAskLevelsAndRestsRemainder (0 ms)
[----------] 1 test from OrderBookTest (0 ms total)

[----------] Global test environment tear-down
[==========] 1 test from 1 test suite ran. (0 ms total)
[  PASSED  ] 1 test.
<end of output>
Test time =   0.00 sec
----------------------------------------------------------
Test Passed.
"OrderBookTest.AggressiveBuyWalksAskLevelsAndRestsRemainder" end time: May 19 14:06 CDT
"OrderBookTest.AggressiveBuyWalksAskLevelsAndRestsRemainder" time elapsed: 00:00:00
----------------------------------------------------------

10/121 Testing: OrderBookTest.AggressiveSellWalksBidLevelsAndRestsRemainder
10/121 Test: OrderBookTest.AggressiveSellWalksBidLevelsAndRestsRemainder
Command: "/Users/ericzhou/Desktop/Productivity/Projects/Serious/MatchingEngine/build-release/order_book_test" "--gtest_filter=OrderBookTest.AggressiveSellWalksBidLevelsAndRestsRemainder" "--gtest_also_run_disabled_tests"
Directory: /Users/ericzhou/Desktop/Productivity/Projects/Serious/MatchingEngine/build-release
"OrderBookTest.AggressiveSellWalksBidLevelsAndRestsRemainder" start time: May 19 14:06 CDT
Output:
----------------------------------------------------------
Running main() from /Users/ericzhou/Desktop/Productivity/Projects/Serious/MatchingEngine/build-release/_deps/googletest-src/googletest/src/gtest_main.cc
Note: Google Test filter = OrderBookTest.AggressiveSellWalksBidLevelsAndRestsRemainder
[==========] Running 1 test from 1 test suite.
[----------] Global test environment set-up.
[----------] 1 test from OrderBookTest
[ RUN      ] OrderBookTest.AggressiveSellWalksBidLevelsAndRestsRemainder
[       OK ] OrderBookTest.AggressiveSellWalksBidLevelsAndRestsRemainder (0 ms)
[----------] 1 test from OrderBookTest (0 ms total)

[----------] Global test environment tear-down
[==========] 1 test from 1 test suite ran. (0 ms total)
[  PASSED  ] 1 test.
<end of output>
Test time =   0.00 sec
----------------------------------------------------------
Test Passed.
"OrderBookTest.AggressiveSellWalksBidLevelsAndRestsRemainder" end time: May 19 14:06 CDT
"OrderBookTest.AggressiveSellWalksBidLevelsAndRestsRemainder" time elapsed: 00:00:00
----------------------------------------------------------

11/121 Testing: OrderBookTest.IocLimitOrderDoesNotRestWhenUnfilled
11/121 Test: OrderBookTest.IocLimitOrderDoesNotRestWhenUnfilled
Command: "/Users/ericzhou/Desktop/Productivity/Projects/Serious/MatchingEngine/build-release/order_book_test" "--gtest_filter=OrderBookTest.IocLimitOrderDoesNotRestWhenUnfilled" "--gtest_also_run_disabled_tests"
Directory: /Users/ericzhou/Desktop/Productivity/Projects/Serious/MatchingEngine/build-release
"OrderBookTest.IocLimitOrderDoesNotRestWhenUnfilled" start time: May 19 14:06 CDT
Output:
----------------------------------------------------------
Running main() from /Users/ericzhou/Desktop/Productivity/Projects/Serious/MatchingEngine/build-release/_deps/googletest-src/googletest/src/gtest_main.cc
Note: Google Test filter = OrderBookTest.IocLimitOrderDoesNotRestWhenUnfilled
[==========] Running 1 test from 1 test suite.
[----------] Global test environment set-up.
[----------] 1 test from OrderBookTest
[ RUN      ] OrderBookTest.IocLimitOrderDoesNotRestWhenUnfilled
[       OK ] OrderBookTest.IocLimitOrderDoesNotRestWhenUnfilled (0 ms)
[----------] 1 test from OrderBookTest (0 ms total)

[----------] Global test environment tear-down
[==========] 1 test from 1 test suite ran. (0 ms total)
[  PASSED  ] 1 test.
<end of output>
Test time =   0.00 sec
----------------------------------------------------------
Test Passed.
"OrderBookTest.IocLimitOrderDoesNotRestWhenUnfilled" end time: May 19 14:06 CDT
"OrderBookTest.IocLimitOrderDoesNotRestWhenUnfilled" time elapsed: 00:00:00
----------------------------------------------------------

12/121 Testing: OrderBookTest.IocLimitOrderTradesAndCancelsRemainder
12/121 Test: OrderBookTest.IocLimitOrderTradesAndCancelsRemainder
Command: "/Users/ericzhou/Desktop/Productivity/Projects/Serious/MatchingEngine/build-release/order_book_test" "--gtest_filter=OrderBookTest.IocLimitOrderTradesAndCancelsRemainder" "--gtest_also_run_disabled_tests"
Directory: /Users/ericzhou/Desktop/Productivity/Projects/Serious/MatchingEngine/build-release
"OrderBookTest.IocLimitOrderTradesAndCancelsRemainder" start time: May 19 14:06 CDT
Output:
----------------------------------------------------------
Running main() from /Users/ericzhou/Desktop/Productivity/Projects/Serious/MatchingEngine/build-release/_deps/googletest-src/googletest/src/gtest_main.cc
Note: Google Test filter = OrderBookTest.IocLimitOrderTradesAndCancelsRemainder
[==========] Running 1 test from 1 test suite.
[----------] Global test environment set-up.
[----------] 1 test from OrderBookTest
[ RUN      ] OrderBookTest.IocLimitOrderTradesAndCancelsRemainder
[       OK ] OrderBookTest.IocLimitOrderTradesAndCancelsRemainder (0 ms)
[----------] 1 test from OrderBookTest (0 ms total)

[----------] Global test environment tear-down
[==========] 1 test from 1 test suite ran. (0 ms total)
[  PASSED  ] 1 test.
<end of output>
Test time =   0.00 sec
----------------------------------------------------------
Test Passed.
"OrderBookTest.IocLimitOrderTradesAndCancelsRemainder" end time: May 19 14:06 CDT
"OrderBookTest.IocLimitOrderTradesAndCancelsRemainder" time elapsed: 00:00:00
----------------------------------------------------------

13/121 Testing: OrderBookTest.FokLimitOrderRejectsWithoutPartialFillWhenInsufficientLiquidity
13/121 Test: OrderBookTest.FokLimitOrderRejectsWithoutPartialFillWhenInsufficientLiquidity
Command: "/Users/ericzhou/Desktop/Productivity/Projects/Serious/MatchingEngine/build-release/order_book_test" "--gtest_filter=OrderBookTest.FokLimitOrderRejectsWithoutPartialFillWhenInsufficientLiquidity" "--gtest_also_run_disabled_tests"
Directory: /Users/ericzhou/Desktop/Productivity/Projects/Serious/MatchingEngine/build-release
"OrderBookTest.FokLimitOrderRejectsWithoutPartialFillWhenInsufficientLiquidity" start time: May 19 14:06 CDT
Output:
----------------------------------------------------------
Running main() from /Users/ericzhou/Desktop/Productivity/Projects/Serious/MatchingEngine/build-release/_deps/googletest-src/googletest/src/gtest_main.cc
Note: Google Test filter = OrderBookTest.FokLimitOrderRejectsWithoutPartialFillWhenInsufficientLiquidity
[==========] Running 1 test from 1 test suite.
[----------] Global test environment set-up.
[----------] 1 test from OrderBookTest
[ RUN      ] OrderBookTest.FokLimitOrderRejectsWithoutPartialFillWhenInsufficientLiquidity
[       OK ] OrderBookTest.FokLimitOrderRejectsWithoutPartialFillWhenInsufficientLiquidity (0 ms)
[----------] 1 test from OrderBookTest (0 ms total)

[----------] Global test environment tear-down
[==========] 1 test from 1 test suite ran. (0 ms total)
[  PASSED  ] 1 test.
<end of output>
Test time =   0.00 sec
----------------------------------------------------------
Test Passed.
"OrderBookTest.FokLimitOrderRejectsWithoutPartialFillWhenInsufficientLiquidity" end time: May 19 14:06 CDT
"OrderBookTest.FokLimitOrderRejectsWithoutPartialFillWhenInsufficientLiquidity" time elapsed: 00:00:00
----------------------------------------------------------

14/121 Testing: OrderBookTest.FokLimitOrderFullyFillsAcrossPriceLevels
14/121 Test: OrderBookTest.FokLimitOrderFullyFillsAcrossPriceLevels
Command: "/Users/ericzhou/Desktop/Productivity/Projects/Serious/MatchingEngine/build-release/order_book_test" "--gtest_filter=OrderBookTest.FokLimitOrderFullyFillsAcrossPriceLevels" "--gtest_also_run_disabled_tests"
Directory: /Users/ericzhou/Desktop/Productivity/Projects/Serious/MatchingEngine/build-release
"OrderBookTest.FokLimitOrderFullyFillsAcrossPriceLevels" start time: May 19 14:06 CDT
Output:
----------------------------------------------------------
Running main() from /Users/ericzhou/Desktop/Productivity/Projects/Serious/MatchingEngine/build-release/_deps/googletest-src/googletest/src/gtest_main.cc
Note: Google Test filter = OrderBookTest.FokLimitOrderFullyFillsAcrossPriceLevels
[==========] Running 1 test from 1 test suite.
[----------] Global test environment set-up.
[----------] 1 test from OrderBookTest
[ RUN      ] OrderBookTest.FokLimitOrderFullyFillsAcrossPriceLevels
[       OK ] OrderBookTest.FokLimitOrderFullyFillsAcrossPriceLevels (0 ms)
[----------] 1 test from OrderBookTest (0 ms total)

[----------] Global test environment tear-down
[==========] 1 test from 1 test suite ran. (0 ms total)
[  PASSED  ] 1 test.
<end of output>
Test time =   0.00 sec
----------------------------------------------------------
Test Passed.
"OrderBookTest.FokLimitOrderFullyFillsAcrossPriceLevels" end time: May 19 14:06 CDT
"OrderBookTest.FokLimitOrderFullyFillsAcrossPriceLevels" time elapsed: 00:00:00
----------------------------------------------------------

15/121 Testing: OrderBookTest.FokExactFillEmitsAcceptThenTradesAndLeavesNoRemainder
15/121 Test: OrderBookTest.FokExactFillEmitsAcceptThenTradesAndLeavesNoRemainder
Command: "/Users/ericzhou/Desktop/Productivity/Projects/Serious/MatchingEngine/build-release/order_book_test" "--gtest_filter=OrderBookTest.FokExactFillEmitsAcceptThenTradesAndLeavesNoRemainder" "--gtest_also_run_disabled_tests"
Directory: /Users/ericzhou/Desktop/Productivity/Projects/Serious/MatchingEngine/build-release
"OrderBookTest.FokExactFillEmitsAcceptThenTradesAndLeavesNoRemainder" start time: May 19 14:06 CDT
Output:
----------------------------------------------------------
Running main() from /Users/ericzhou/Desktop/Productivity/Projects/Serious/MatchingEngine/build-release/_deps/googletest-src/googletest/src/gtest_main.cc
Note: Google Test filter = OrderBookTest.FokExactFillEmitsAcceptThenTradesAndLeavesNoRemainder
[==========] Running 1 test from 1 test suite.
[----------] Global test environment set-up.
[----------] 1 test from OrderBookTest
[ RUN      ] OrderBookTest.FokExactFillEmitsAcceptThenTradesAndLeavesNoRemainder
[       OK ] OrderBookTest.FokExactFillEmitsAcceptThenTradesAndLeavesNoRemainder (0 ms)
[----------] 1 test from OrderBookTest (0 ms total)

[----------] Global test environment tear-down
[==========] 1 test from 1 test suite ran. (0 ms total)
[  PASSED  ] 1 test.
<end of output>
Test time =   0.00 sec
----------------------------------------------------------
Test Passed.
"OrderBookTest.FokExactFillEmitsAcceptThenTradesAndLeavesNoRemainder" end time: May 19 14:06 CDT
"OrderBookTest.FokExactFillEmitsAcceptThenTradesAndLeavesNoRemainder" time elapsed: 00:00:00
----------------------------------------------------------

16/121 Testing: OrderBookTest.FokSellRejectsWhenBestBidVolumeBelowLimitIsNotCrossing
16/121 Test: OrderBookTest.FokSellRejectsWhenBestBidVolumeBelowLimitIsNotCrossing
Command: "/Users/ericzhou/Desktop/Productivity/Projects/Serious/MatchingEngine/build-release/order_book_test" "--gtest_filter=OrderBookTest.FokSellRejectsWhenBestBidVolumeBelowLimitIsNotCrossing" "--gtest_also_run_disabled_tests"
Directory: /Users/ericzhou/Desktop/Productivity/Projects/Serious/MatchingEngine/build-release
"OrderBookTest.FokSellRejectsWhenBestBidVolumeBelowLimitIsNotCrossing" start time: May 19 14:06 CDT
Output:
----------------------------------------------------------
Running main() from /Users/ericzhou/Desktop/Productivity/Projects/Serious/MatchingEngine/build-release/_deps/googletest-src/googletest/src/gtest_main.cc
Note: Google Test filter = OrderBookTest.FokSellRejectsWhenBestBidVolumeBelowLimitIsNotCrossing
[==========] Running 1 test from 1 test suite.
[----------] Global test environment set-up.
[----------] 1 test from OrderBookTest
[ RUN      ] OrderBookTest.FokSellRejectsWhenBestBidVolumeBelowLimitIsNotCrossing
[       OK ] OrderBookTest.FokSellRejectsWhenBestBidVolumeBelowLimitIsNotCrossing (0 ms)
[----------] 1 test from OrderBookTest (0 ms total)

[----------] Global test environment tear-down
[==========] 1 test from 1 test suite ran. (0 ms total)
[  PASSED  ] 1 test.
<end of output>
Test time =   0.00 sec
----------------------------------------------------------
Test Passed.
"OrderBookTest.FokSellRejectsWhenBestBidVolumeBelowLimitIsNotCrossing" end time: May 19 14:06 CDT
"OrderBookTest.FokSellRejectsWhenBestBidVolumeBelowLimitIsNotCrossing" time elapsed: 00:00:00
----------------------------------------------------------

17/121 Testing: OrderBookTest.MarketBuyFullyFillsAgainstBestAsk
17/121 Test: OrderBookTest.MarketBuyFullyFillsAgainstBestAsk
Command: "/Users/ericzhou/Desktop/Productivity/Projects/Serious/MatchingEngine/build-release/order_book_test" "--gtest_filter=OrderBookTest.MarketBuyFullyFillsAgainstBestAsk" "--gtest_also_run_disabled_tests"
Directory: /Users/ericzhou/Desktop/Productivity/Projects/Serious/MatchingEngine/build-release
"OrderBookTest.MarketBuyFullyFillsAgainstBestAsk" start time: May 19 14:06 CDT
Output:
----------------------------------------------------------
Running main() from /Users/ericzhou/Desktop/Productivity/Projects/Serious/MatchingEngine/build-release/_deps/googletest-src/googletest/src/gtest_main.cc
Note: Google Test filter = OrderBookTest.MarketBuyFullyFillsAgainstBestAsk
[==========] Running 1 test from 1 test suite.
[----------] Global test environment set-up.
[----------] 1 test from OrderBookTest
[ RUN      ] OrderBookTest.MarketBuyFullyFillsAgainstBestAsk
[       OK ] OrderBookTest.MarketBuyFullyFillsAgainstBestAsk (0 ms)
[----------] 1 test from OrderBookTest (0 ms total)

[----------] Global test environment tear-down
[==========] 1 test from 1 test suite ran. (0 ms total)
[  PASSED  ] 1 test.
<end of output>
Test time =   0.00 sec
----------------------------------------------------------
Test Passed.
"OrderBookTest.MarketBuyFullyFillsAgainstBestAsk" end time: May 19 14:06 CDT
"OrderBookTest.MarketBuyFullyFillsAgainstBestAsk" time elapsed: 00:00:00
----------------------------------------------------------

18/121 Testing: OrderBookTest.MarketBuySweepsMultipleAskPriceLevels
18/121 Test: OrderBookTest.MarketBuySweepsMultipleAskPriceLevels
Command: "/Users/ericzhou/Desktop/Productivity/Projects/Serious/MatchingEngine/build-release/order_book_test" "--gtest_filter=OrderBookTest.MarketBuySweepsMultipleAskPriceLevels" "--gtest_also_run_disabled_tests"
Directory: /Users/ericzhou/Desktop/Productivity/Projects/Serious/MatchingEngine/build-release
"OrderBookTest.MarketBuySweepsMultipleAskPriceLevels" start time: May 19 14:06 CDT
Output:
----------------------------------------------------------
Running main() from /Users/ericzhou/Desktop/Productivity/Projects/Serious/MatchingEngine/build-release/_deps/googletest-src/googletest/src/gtest_main.cc
Note: Google Test filter = OrderBookTest.MarketBuySweepsMultipleAskPriceLevels
[==========] Running 1 test from 1 test suite.
[----------] Global test environment set-up.
[----------] 1 test from OrderBookTest
[ RUN      ] OrderBookTest.MarketBuySweepsMultipleAskPriceLevels
[       OK ] OrderBookTest.MarketBuySweepsMultipleAskPriceLevels (0 ms)
[----------] 1 test from OrderBookTest (0 ms total)

[----------] Global test environment tear-down
[==========] 1 test from 1 test suite ran. (0 ms total)
[  PASSED  ] 1 test.
<end of output>
Test time =   0.00 sec
----------------------------------------------------------
Test Passed.
"OrderBookTest.MarketBuySweepsMultipleAskPriceLevels" end time: May 19 14:06 CDT
"OrderBookTest.MarketBuySweepsMultipleAskPriceLevels" time elapsed: 00:00:00
----------------------------------------------------------

19/121 Testing: OrderBookTest.MarketSellFullyFillsAgainstBestBid
19/121 Test: OrderBookTest.MarketSellFullyFillsAgainstBestBid
Command: "/Users/ericzhou/Desktop/Productivity/Projects/Serious/MatchingEngine/build-release/order_book_test" "--gtest_filter=OrderBookTest.MarketSellFullyFillsAgainstBestBid" "--gtest_also_run_disabled_tests"
Directory: /Users/ericzhou/Desktop/Productivity/Projects/Serious/MatchingEngine/build-release
"OrderBookTest.MarketSellFullyFillsAgainstBestBid" start time: May 19 14:06 CDT
Output:
----------------------------------------------------------
Running main() from /Users/ericzhou/Desktop/Productivity/Projects/Serious/MatchingEngine/build-release/_deps/googletest-src/googletest/src/gtest_main.cc
Note: Google Test filter = OrderBookTest.MarketSellFullyFillsAgainstBestBid
[==========] Running 1 test from 1 test suite.
[----------] Global test environment set-up.
[----------] 1 test from OrderBookTest
[ RUN      ] OrderBookTest.MarketSellFullyFillsAgainstBestBid
[       OK ] OrderBookTest.MarketSellFullyFillsAgainstBestBid (0 ms)
[----------] 1 test from OrderBookTest (0 ms total)

[----------] Global test environment tear-down
[==========] 1 test from 1 test suite ran. (0 ms total)
[  PASSED  ] 1 test.
<end of output>
Test time =   0.00 sec
----------------------------------------------------------
Test Passed.
"OrderBookTest.MarketSellFullyFillsAgainstBestBid" end time: May 19 14:06 CDT
"OrderBookTest.MarketSellFullyFillsAgainstBestBid" time elapsed: 00:00:00
----------------------------------------------------------

20/121 Testing: OrderBookTest.MarketSellSweepsMultipleBidPriceLevels
20/121 Test: OrderBookTest.MarketSellSweepsMultipleBidPriceLevels
Command: "/Users/ericzhou/Desktop/Productivity/Projects/Serious/MatchingEngine/build-release/order_book_test" "--gtest_filter=OrderBookTest.MarketSellSweepsMultipleBidPriceLevels" "--gtest_also_run_disabled_tests"
Directory: /Users/ericzhou/Desktop/Productivity/Projects/Serious/MatchingEngine/build-release
"OrderBookTest.MarketSellSweepsMultipleBidPriceLevels" start time: May 19 14:06 CDT
Output:
----------------------------------------------------------
Running main() from /Users/ericzhou/Desktop/Productivity/Projects/Serious/MatchingEngine/build-release/_deps/googletest-src/googletest/src/gtest_main.cc
Note: Google Test filter = OrderBookTest.MarketSellSweepsMultipleBidPriceLevels
[==========] Running 1 test from 1 test suite.
[----------] Global test environment set-up.
[----------] 1 test from OrderBookTest
[ RUN      ] OrderBookTest.MarketSellSweepsMultipleBidPriceLevels
[       OK ] OrderBookTest.MarketSellSweepsMultipleBidPriceLevels (0 ms)
[----------] 1 test from OrderBookTest (0 ms total)

[----------] Global test environment tear-down
[==========] 1 test from 1 test suite ran. (0 ms total)
[  PASSED  ] 1 test.
<end of output>
Test time =   0.00 sec
----------------------------------------------------------
Test Passed.
"OrderBookTest.MarketSellSweepsMultipleBidPriceLevels" end time: May 19 14:06 CDT
"OrderBookTest.MarketSellSweepsMultipleBidPriceLevels" time elapsed: 00:00:00
----------------------------------------------------------

21/121 Testing: OrderBookTest.PartiallyFilledMarketOrderDoesNotRestOnBook
21/121 Test: OrderBookTest.PartiallyFilledMarketOrderDoesNotRestOnBook
Command: "/Users/ericzhou/Desktop/Productivity/Projects/Serious/MatchingEngine/build-release/order_book_test" "--gtest_filter=OrderBookTest.PartiallyFilledMarketOrderDoesNotRestOnBook" "--gtest_also_run_disabled_tests"
Directory: /Users/ericzhou/Desktop/Productivity/Projects/Serious/MatchingEngine/build-release
"OrderBookTest.PartiallyFilledMarketOrderDoesNotRestOnBook" start time: May 19 14:06 CDT
Output:
----------------------------------------------------------
Running main() from /Users/ericzhou/Desktop/Productivity/Projects/Serious/MatchingEngine/build-release/_deps/googletest-src/googletest/src/gtest_main.cc
Note: Google Test filter = OrderBookTest.PartiallyFilledMarketOrderDoesNotRestOnBook
[==========] Running 1 test from 1 test suite.
[----------] Global test environment set-up.
[----------] 1 test from OrderBookTest
[ RUN      ] OrderBookTest.PartiallyFilledMarketOrderDoesNotRestOnBook
[       OK ] OrderBookTest.PartiallyFilledMarketOrderDoesNotRestOnBook (0 ms)
[----------] 1 test from OrderBookTest (0 ms total)

[----------] Global test environment tear-down
[==========] 1 test from 1 test suite ran. (0 ms total)
[  PASSED  ] 1 test.
<end of output>
Test time =   0.00 sec
----------------------------------------------------------
Test Passed.
"OrderBookTest.PartiallyFilledMarketOrderDoesNotRestOnBook" end time: May 19 14:06 CDT
"OrderBookTest.PartiallyFilledMarketOrderDoesNotRestOnBook" time elapsed: 00:00:00
----------------------------------------------------------

22/121 Testing: OrderBookTest.MarketOrderOnEmptyOppositeBookExpiresRemainder
22/121 Test: OrderBookTest.MarketOrderOnEmptyOppositeBookExpiresRemainder
Command: "/Users/ericzhou/Desktop/Productivity/Projects/Serious/MatchingEngine/build-release/order_book_test" "--gtest_filter=OrderBookTest.MarketOrderOnEmptyOppositeBookExpiresRemainder" "--gtest_also_run_disabled_tests"
Directory: /Users/ericzhou/Desktop/Productivity/Projects/Serious/MatchingEngine/build-release
"OrderBookTest.MarketOrderOnEmptyOppositeBookExpiresRemainder" start time: May 19 14:06 CDT
Output:
----------------------------------------------------------
Running main() from /Users/ericzhou/Desktop/Productivity/Projects/Serious/MatchingEngine/build-release/_deps/googletest-src/googletest/src/gtest_main.cc
Note: Google Test filter = OrderBookTest.MarketOrderOnEmptyOppositeBookExpiresRemainder
[==========] Running 1 test from 1 test suite.
[----------] Global test environment set-up.
[----------] 1 test from OrderBookTest
[ RUN      ] OrderBookTest.MarketOrderOnEmptyOppositeBookExpiresRemainder
[       OK ] OrderBookTest.MarketOrderOnEmptyOppositeBookExpiresRemainder (0 ms)
[----------] 1 test from OrderBookTest (0 ms total)

[----------] Global test environment tear-down
[==========] 1 test from 1 test suite ran. (0 ms total)
[  PASSED  ] 1 test.
<end of output>
Test time =   0.00 sec
----------------------------------------------------------
Test Passed.
"OrderBookTest.MarketOrderOnEmptyOppositeBookExpiresRemainder" end time: May 19 14:06 CDT
"OrderBookTest.MarketOrderOnEmptyOppositeBookExpiresRemainder" time elapsed: 00:00:00
----------------------------------------------------------

23/121 Testing: OrderBookTest.FullyFilledMarketOrderDoesNotEmitRemainderRejection
23/121 Test: OrderBookTest.FullyFilledMarketOrderDoesNotEmitRemainderRejection
Command: "/Users/ericzhou/Desktop/Productivity/Projects/Serious/MatchingEngine/build-release/order_book_test" "--gtest_filter=OrderBookTest.FullyFilledMarketOrderDoesNotEmitRemainderRejection" "--gtest_also_run_disabled_tests"
Directory: /Users/ericzhou/Desktop/Productivity/Projects/Serious/MatchingEngine/build-release
"OrderBookTest.FullyFilledMarketOrderDoesNotEmitRemainderRejection" start time: May 19 14:06 CDT
Output:
----------------------------------------------------------
Running main() from /Users/ericzhou/Desktop/Productivity/Projects/Serious/MatchingEngine/build-release/_deps/googletest-src/googletest/src/gtest_main.cc
Note: Google Test filter = OrderBookTest.FullyFilledMarketOrderDoesNotEmitRemainderRejection
[==========] Running 1 test from 1 test suite.
[----------] Global test environment set-up.
[----------] 1 test from OrderBookTest
[ RUN      ] OrderBookTest.FullyFilledMarketOrderDoesNotEmitRemainderRejection
[       OK ] OrderBookTest.FullyFilledMarketOrderDoesNotEmitRemainderRejection (0 ms)
[----------] 1 test from OrderBookTest (0 ms total)

[----------] Global test environment tear-down
[==========] 1 test from 1 test suite ran. (0 ms total)
[  PASSED  ] 1 test.
<end of output>
Test time =   0.00 sec
----------------------------------------------------------
Test Passed.
"OrderBookTest.FullyFilledMarketOrderDoesNotEmitRemainderRejection" end time: May 19 14:06 CDT
"OrderBookTest.FullyFilledMarketOrderDoesNotEmitRemainderRejection" time elapsed: 00:00:00
----------------------------------------------------------

24/121 Testing: OrderBookTest.CancelRestingBuyOrderSucceeds
24/121 Test: OrderBookTest.CancelRestingBuyOrderSucceeds
Command: "/Users/ericzhou/Desktop/Productivity/Projects/Serious/MatchingEngine/build-release/order_book_test" "--gtest_filter=OrderBookTest.CancelRestingBuyOrderSucceeds" "--gtest_also_run_disabled_tests"
Directory: /Users/ericzhou/Desktop/Productivity/Projects/Serious/MatchingEngine/build-release
"OrderBookTest.CancelRestingBuyOrderSucceeds" start time: May 19 14:06 CDT
Output:
----------------------------------------------------------
Running main() from /Users/ericzhou/Desktop/Productivity/Projects/Serious/MatchingEngine/build-release/_deps/googletest-src/googletest/src/gtest_main.cc
Note: Google Test filter = OrderBookTest.CancelRestingBuyOrderSucceeds
[==========] Running 1 test from 1 test suite.
[----------] Global test environment set-up.
[----------] 1 test from OrderBookTest
[ RUN      ] OrderBookTest.CancelRestingBuyOrderSucceeds
[       OK ] OrderBookTest.CancelRestingBuyOrderSucceeds (0 ms)
[----------] 1 test from OrderBookTest (0 ms total)

[----------] Global test environment tear-down
[==========] 1 test from 1 test suite ran. (0 ms total)
[  PASSED  ] 1 test.
<end of output>
Test time =   0.00 sec
----------------------------------------------------------
Test Passed.
"OrderBookTest.CancelRestingBuyOrderSucceeds" end time: May 19 14:06 CDT
"OrderBookTest.CancelRestingBuyOrderSucceeds" time elapsed: 00:00:00
----------------------------------------------------------

25/121 Testing: OrderBookTest.CancelRestingSellOrderSucceeds
25/121 Test: OrderBookTest.CancelRestingSellOrderSucceeds
Command: "/Users/ericzhou/Desktop/Productivity/Projects/Serious/MatchingEngine/build-release/order_book_test" "--gtest_filter=OrderBookTest.CancelRestingSellOrderSucceeds" "--gtest_also_run_disabled_tests"
Directory: /Users/ericzhou/Desktop/Productivity/Projects/Serious/MatchingEngine/build-release
"OrderBookTest.CancelRestingSellOrderSucceeds" start time: May 19 14:06 CDT
Output:
----------------------------------------------------------
Running main() from /Users/ericzhou/Desktop/Productivity/Projects/Serious/MatchingEngine/build-release/_deps/googletest-src/googletest/src/gtest_main.cc
Note: Google Test filter = OrderBookTest.CancelRestingSellOrderSucceeds
[==========] Running 1 test from 1 test suite.
[----------] Global test environment set-up.
[----------] 1 test from OrderBookTest
[ RUN      ] OrderBookTest.CancelRestingSellOrderSucceeds
[       OK ] OrderBookTest.CancelRestingSellOrderSucceeds (0 ms)
[----------] 1 test from OrderBookTest (0 ms total)

[----------] Global test environment tear-down
[==========] 1 test from 1 test suite ran. (0 ms total)
[  PASSED  ] 1 test.
<end of output>
Test time =   0.00 sec
----------------------------------------------------------
Test Passed.
"OrderBookTest.CancelRestingSellOrderSucceeds" end time: May 19 14:06 CDT
"OrderBookTest.CancelRestingSellOrderSucceeds" time elapsed: 00:00:00
----------------------------------------------------------

26/121 Testing: OrderBookTest.CancelUnknownOrderIsRejected
26/121 Test: OrderBookTest.CancelUnknownOrderIsRejected
Command: "/Users/ericzhou/Desktop/Productivity/Projects/Serious/MatchingEngine/build-release/order_book_test" "--gtest_filter=OrderBookTest.CancelUnknownOrderIsRejected" "--gtest_also_run_disabled_tests"
Directory: /Users/ericzhou/Desktop/Productivity/Projects/Serious/MatchingEngine/build-release
"OrderBookTest.CancelUnknownOrderIsRejected" start time: May 19 14:06 CDT
Output:
----------------------------------------------------------
Running main() from /Users/ericzhou/Desktop/Productivity/Projects/Serious/MatchingEngine/build-release/_deps/googletest-src/googletest/src/gtest_main.cc
Note: Google Test filter = OrderBookTest.CancelUnknownOrderIsRejected
[==========] Running 1 test from 1 test suite.
[----------] Global test environment set-up.
[----------] 1 test from OrderBookTest
[ RUN      ] OrderBookTest.CancelUnknownOrderIsRejected
[       OK ] OrderBookTest.CancelUnknownOrderIsRejected (0 ms)
[----------] 1 test from OrderBookTest (0 ms total)

[----------] Global test environment tear-down
[==========] 1 test from 1 test suite ran. (0 ms total)
[  PASSED  ] 1 test.
<end of output>
Test time =   0.00 sec
----------------------------------------------------------
Test Passed.
"OrderBookTest.CancelUnknownOrderIsRejected" end time: May 19 14:06 CDT
"OrderBookTest.CancelUnknownOrderIsRejected" time elapsed: 00:00:00
----------------------------------------------------------

27/121 Testing: OrderBookTest.CancelRemovesEmptyPriceLevel
27/121 Test: OrderBookTest.CancelRemovesEmptyPriceLevel
Command: "/Users/ericzhou/Desktop/Productivity/Projects/Serious/MatchingEngine/build-release/order_book_test" "--gtest_filter=OrderBookTest.CancelRemovesEmptyPriceLevel" "--gtest_also_run_disabled_tests"
Directory: /Users/ericzhou/Desktop/Productivity/Projects/Serious/MatchingEngine/build-release
"OrderBookTest.CancelRemovesEmptyPriceLevel" start time: May 19 14:06 CDT
Output:
----------------------------------------------------------
Running main() from /Users/ericzhou/Desktop/Productivity/Projects/Serious/MatchingEngine/build-release/_deps/googletest-src/googletest/src/gtest_main.cc
Note: Google Test filter = OrderBookTest.CancelRemovesEmptyPriceLevel
[==========] Running 1 test from 1 test suite.
[----------] Global test environment set-up.
[----------] 1 test from OrderBookTest
[ RUN      ] OrderBookTest.CancelRemovesEmptyPriceLevel
[       OK ] OrderBookTest.CancelRemovesEmptyPriceLevel (0 ms)
[----------] 1 test from OrderBookTest (0 ms total)

[----------] Global test environment tear-down
[==========] 1 test from 1 test suite ran. (0 ms total)
[  PASSED  ] 1 test.
<end of output>
Test time =   0.00 sec
----------------------------------------------------------
Test Passed.
"OrderBookTest.CancelRemovesEmptyPriceLevel" end time: May 19 14:06 CDT
"OrderBookTest.CancelRemovesEmptyPriceLevel" time elapsed: 00:00:00
----------------------------------------------------------

28/121 Testing: OrderBookTest.CancelPreservesFifoPriorityOfRemainingOrders
28/121 Test: OrderBookTest.CancelPreservesFifoPriorityOfRemainingOrders
Command: "/Users/ericzhou/Desktop/Productivity/Projects/Serious/MatchingEngine/build-release/order_book_test" "--gtest_filter=OrderBookTest.CancelPreservesFifoPriorityOfRemainingOrders" "--gtest_also_run_disabled_tests"
Directory: /Users/ericzhou/Desktop/Productivity/Projects/Serious/MatchingEngine/build-release
"OrderBookTest.CancelPreservesFifoPriorityOfRemainingOrders" start time: May 19 14:06 CDT
Output:
----------------------------------------------------------
Running main() from /Users/ericzhou/Desktop/Productivity/Projects/Serious/MatchingEngine/build-release/_deps/googletest-src/googletest/src/gtest_main.cc
Note: Google Test filter = OrderBookTest.CancelPreservesFifoPriorityOfRemainingOrders
[==========] Running 1 test from 1 test suite.
[----------] Global test environment set-up.
[----------] 1 test from OrderBookTest
[ RUN      ] OrderBookTest.CancelPreservesFifoPriorityOfRemainingOrders
[       OK ] OrderBookTest.CancelPreservesFifoPriorityOfRemainingOrders (0 ms)
[----------] 1 test from OrderBookTest (0 ms total)

[----------] Global test environment tear-down
[==========] 1 test from 1 test suite ran. (0 ms total)
[  PASSED  ] 1 test.
<end of output>
Test time =   0.00 sec
----------------------------------------------------------
Test Passed.
"OrderBookTest.CancelPreservesFifoPriorityOfRemainingOrders" end time: May 19 14:06 CDT
"OrderBookTest.CancelPreservesFifoPriorityOfRemainingOrders" time elapsed: 00:00:00
----------------------------------------------------------

29/121 Testing: OrderBookTest.CancelAfterPartialFillRemovesOnlyRemainingQuantity
29/121 Test: OrderBookTest.CancelAfterPartialFillRemovesOnlyRemainingQuantity
Command: "/Users/ericzhou/Desktop/Productivity/Projects/Serious/MatchingEngine/build-release/order_book_test" "--gtest_filter=OrderBookTest.CancelAfterPartialFillRemovesOnlyRemainingQuantity" "--gtest_also_run_disabled_tests"
Directory: /Users/ericzhou/Desktop/Productivity/Projects/Serious/MatchingEngine/build-release
"OrderBookTest.CancelAfterPartialFillRemovesOnlyRemainingQuantity" start time: May 19 14:06 CDT
Output:
----------------------------------------------------------
Running main() from /Users/ericzhou/Desktop/Productivity/Projects/Serious/MatchingEngine/build-release/_deps/googletest-src/googletest/src/gtest_main.cc
Note: Google Test filter = OrderBookTest.CancelAfterPartialFillRemovesOnlyRemainingQuantity
[==========] Running 1 test from 1 test suite.
[----------] Global test environment set-up.
[----------] 1 test from OrderBookTest
[ RUN      ] OrderBookTest.CancelAfterPartialFillRemovesOnlyRemainingQuantity
[       OK ] OrderBookTest.CancelAfterPartialFillRemovesOnlyRemainingQuantity (0 ms)
[----------] 1 test from OrderBookTest (0 ms total)

[----------] Global test environment tear-down
[==========] 1 test from 1 test suite ran. (0 ms total)
[  PASSED  ] 1 test.
<end of output>
Test time =   0.00 sec
----------------------------------------------------------
Test Passed.
"OrderBookTest.CancelAfterPartialFillRemovesOnlyRemainingQuantity" end time: May 19 14:06 CDT
"OrderBookTest.CancelAfterPartialFillRemovesOnlyRemainingQuantity" time elapsed: 00:00:00
----------------------------------------------------------

30/121 Testing: OrderBookTest.CopiedBookRebuildsCancelLocations
30/121 Test: OrderBookTest.CopiedBookRebuildsCancelLocations
Command: "/Users/ericzhou/Desktop/Productivity/Projects/Serious/MatchingEngine/build-release/order_book_test" "--gtest_filter=OrderBookTest.CopiedBookRebuildsCancelLocations" "--gtest_also_run_disabled_tests"
Directory: /Users/ericzhou/Desktop/Productivity/Projects/Serious/MatchingEngine/build-release
"OrderBookTest.CopiedBookRebuildsCancelLocations" start time: May 19 14:06 CDT
Output:
----------------------------------------------------------
Running main() from /Users/ericzhou/Desktop/Productivity/Projects/Serious/MatchingEngine/build-release/_deps/googletest-src/googletest/src/gtest_main.cc
Note: Google Test filter = OrderBookTest.CopiedBookRebuildsCancelLocations
[==========] Running 1 test from 1 test suite.
[----------] Global test environment set-up.
[----------] 1 test from OrderBookTest
[ RUN      ] OrderBookTest.CopiedBookRebuildsCancelLocations
[       OK ] OrderBookTest.CopiedBookRebuildsCancelLocations (0 ms)
[----------] 1 test from OrderBookTest (0 ms total)

[----------] Global test environment tear-down
[==========] 1 test from 1 test suite ran. (0 ms total)
[  PASSED  ] 1 test.
<end of output>
Test time =   0.00 sec
----------------------------------------------------------
Test Passed.
"OrderBookTest.CopiedBookRebuildsCancelLocations" end time: May 19 14:06 CDT
"OrderBookTest.CopiedBookRebuildsCancelLocations" time elapsed: 00:00:00
----------------------------------------------------------

31/121 Testing: OrderBookTest.FullyFilledOrdersCannotBeCanceled
31/121 Test: OrderBookTest.FullyFilledOrdersCannotBeCanceled
Command: "/Users/ericzhou/Desktop/Productivity/Projects/Serious/MatchingEngine/build-release/order_book_test" "--gtest_filter=OrderBookTest.FullyFilledOrdersCannotBeCanceled" "--gtest_also_run_disabled_tests"
Directory: /Users/ericzhou/Desktop/Productivity/Projects/Serious/MatchingEngine/build-release
"OrderBookTest.FullyFilledOrdersCannotBeCanceled" start time: May 19 14:06 CDT
Output:
----------------------------------------------------------
Running main() from /Users/ericzhou/Desktop/Productivity/Projects/Serious/MatchingEngine/build-release/_deps/googletest-src/googletest/src/gtest_main.cc
Note: Google Test filter = OrderBookTest.FullyFilledOrdersCannotBeCanceled
[==========] Running 1 test from 1 test suite.
[----------] Global test environment set-up.
[----------] 1 test from OrderBookTest
[ RUN      ] OrderBookTest.FullyFilledOrdersCannotBeCanceled
[       OK ] OrderBookTest.FullyFilledOrdersCannotBeCanceled (0 ms)
[----------] 1 test from OrderBookTest (0 ms total)

[----------] Global test environment tear-down
[==========] 1 test from 1 test suite ran. (0 ms total)
[  PASSED  ] 1 test.
<end of output>
Test time =   0.00 sec
----------------------------------------------------------
Test Passed.
"OrderBookTest.FullyFilledOrdersCannotBeCanceled" end time: May 19 14:06 CDT
"OrderBookTest.FullyFilledOrdersCannotBeCanceled" time elapsed: 00:00:00
----------------------------------------------------------

32/121 Testing: OrderBookTest.ReduceQuantityModifyPreservesFifoPriority
32/121 Test: OrderBookTest.ReduceQuantityModifyPreservesFifoPriority
Command: "/Users/ericzhou/Desktop/Productivity/Projects/Serious/MatchingEngine/build-release/order_book_test" "--gtest_filter=OrderBookTest.ReduceQuantityModifyPreservesFifoPriority" "--gtest_also_run_disabled_tests"
Directory: /Users/ericzhou/Desktop/Productivity/Projects/Serious/MatchingEngine/build-release
"OrderBookTest.ReduceQuantityModifyPreservesFifoPriority" start time: May 19 14:06 CDT
Output:
----------------------------------------------------------
Running main() from /Users/ericzhou/Desktop/Productivity/Projects/Serious/MatchingEngine/build-release/_deps/googletest-src/googletest/src/gtest_main.cc
Note: Google Test filter = OrderBookTest.ReduceQuantityModifyPreservesFifoPriority
[==========] Running 1 test from 1 test suite.
[----------] Global test environment set-up.
[----------] 1 test from OrderBookTest
[ RUN      ] OrderBookTest.ReduceQuantityModifyPreservesFifoPriority
[       OK ] OrderBookTest.ReduceQuantityModifyPreservesFifoPriority (0 ms)
[----------] 1 test from OrderBookTest (0 ms total)

[----------] Global test environment tear-down
[==========] 1 test from 1 test suite ran. (0 ms total)
[  PASSED  ] 1 test.
<end of output>
Test time =   0.00 sec
----------------------------------------------------------
Test Passed.
"OrderBookTest.ReduceQuantityModifyPreservesFifoPriority" end time: May 19 14:06 CDT
"OrderBookTest.ReduceQuantityModifyPreservesFifoPriority" time elapsed: 00:00:00
----------------------------------------------------------

33/121 Testing: OrderBookTest.IncreaseQuantityModifyLosesFifoPriority
33/121 Test: OrderBookTest.IncreaseQuantityModifyLosesFifoPriority
Command: "/Users/ericzhou/Desktop/Productivity/Projects/Serious/MatchingEngine/build-release/order_book_test" "--gtest_filter=OrderBookTest.IncreaseQuantityModifyLosesFifoPriority" "--gtest_also_run_disabled_tests"
Directory: /Users/ericzhou/Desktop/Productivity/Projects/Serious/MatchingEngine/build-release
"OrderBookTest.IncreaseQuantityModifyLosesFifoPriority" start time: May 19 14:06 CDT
Output:
----------------------------------------------------------
Running main() from /Users/ericzhou/Desktop/Productivity/Projects/Serious/MatchingEngine/build-release/_deps/googletest-src/googletest/src/gtest_main.cc
Note: Google Test filter = OrderBookTest.IncreaseQuantityModifyLosesFifoPriority
[==========] Running 1 test from 1 test suite.
[----------] Global test environment set-up.
[----------] 1 test from OrderBookTest
[ RUN      ] OrderBookTest.IncreaseQuantityModifyLosesFifoPriority
[       OK ] OrderBookTest.IncreaseQuantityModifyLosesFifoPriority (0 ms)
[----------] 1 test from OrderBookTest (0 ms total)

[----------] Global test environment tear-down
[==========] 1 test from 1 test suite ran. (0 ms total)
[  PASSED  ] 1 test.
<end of output>
Test time =   0.00 sec
----------------------------------------------------------
Test Passed.
"OrderBookTest.IncreaseQuantityModifyLosesFifoPriority" end time: May 19 14:06 CDT
"OrderBookTest.IncreaseQuantityModifyLosesFifoPriority" time elapsed: 00:00:00
----------------------------------------------------------

34/121 Testing: OrderBookTest.PriceChangeModifyLosesFifoPriority
34/121 Test: OrderBookTest.PriceChangeModifyLosesFifoPriority
Command: "/Users/ericzhou/Desktop/Productivity/Projects/Serious/MatchingEngine/build-release/order_book_test" "--gtest_filter=OrderBookTest.PriceChangeModifyLosesFifoPriority" "--gtest_also_run_disabled_tests"
Directory: /Users/ericzhou/Desktop/Productivity/Projects/Serious/MatchingEngine/build-release
"OrderBookTest.PriceChangeModifyLosesFifoPriority" start time: May 19 14:06 CDT
Output:
----------------------------------------------------------
Running main() from /Users/ericzhou/Desktop/Productivity/Projects/Serious/MatchingEngine/build-release/_deps/googletest-src/googletest/src/gtest_main.cc
Note: Google Test filter = OrderBookTest.PriceChangeModifyLosesFifoPriority
[==========] Running 1 test from 1 test suite.
[----------] Global test environment set-up.
[----------] 1 test from OrderBookTest
[ RUN      ] OrderBookTest.PriceChangeModifyLosesFifoPriority
[       OK ] OrderBookTest.PriceChangeModifyLosesFifoPriority (0 ms)
[----------] 1 test from OrderBookTest (0 ms total)

[----------] Global test environment tear-down
[==========] 1 test from 1 test suite ran. (0 ms total)
[  PASSED  ] 1 test.
<end of output>
Test time =   0.00 sec
----------------------------------------------------------
Test Passed.
"OrderBookTest.PriceChangeModifyLosesFifoPriority" end time: May 19 14:06 CDT
"OrderBookTest.PriceChangeModifyLosesFifoPriority" time elapsed: 00:00:00
----------------------------------------------------------

35/121 Testing: OrderBookTest.ModifyUnknownOrderRejects
35/121 Test: OrderBookTest.ModifyUnknownOrderRejects
Command: "/Users/ericzhou/Desktop/Productivity/Projects/Serious/MatchingEngine/build-release/order_book_test" "--gtest_filter=OrderBookTest.ModifyUnknownOrderRejects" "--gtest_also_run_disabled_tests"
Directory: /Users/ericzhou/Desktop/Productivity/Projects/Serious/MatchingEngine/build-release
"OrderBookTest.ModifyUnknownOrderRejects" start time: May 19 14:06 CDT
Output:
----------------------------------------------------------
Running main() from /Users/ericzhou/Desktop/Productivity/Projects/Serious/MatchingEngine/build-release/_deps/googletest-src/googletest/src/gtest_main.cc
Note: Google Test filter = OrderBookTest.ModifyUnknownOrderRejects
[==========] Running 1 test from 1 test suite.
[----------] Global test environment set-up.
[----------] 1 test from OrderBookTest
[ RUN      ] OrderBookTest.ModifyUnknownOrderRejects
[       OK ] OrderBookTest.ModifyUnknownOrderRejects (0 ms)
[----------] 1 test from OrderBookTest (0 ms total)

[----------] Global test environment tear-down
[==========] 1 test from 1 test suite ran. (0 ms total)
[  PASSED  ] 1 test.
<end of output>
Test time =   0.00 sec
----------------------------------------------------------
Test Passed.
"OrderBookTest.ModifyUnknownOrderRejects" end time: May 19 14:06 CDT
"OrderBookTest.ModifyUnknownOrderRejects" time elapsed: 00:00:00
----------------------------------------------------------

36/121 Testing: OrderBookTest.ModifyInvalidPriceOrQuantityRejectsWithoutChangingOrder
36/121 Test: OrderBookTest.ModifyInvalidPriceOrQuantityRejectsWithoutChangingOrder
Command: "/Users/ericzhou/Desktop/Productivity/Projects/Serious/MatchingEngine/build-release/order_book_test" "--gtest_filter=OrderBookTest.ModifyInvalidPriceOrQuantityRejectsWithoutChangingOrder" "--gtest_also_run_disabled_tests"
Directory: /Users/ericzhou/Desktop/Productivity/Projects/Serious/MatchingEngine/build-release
"OrderBookTest.ModifyInvalidPriceOrQuantityRejectsWithoutChangingOrder" start time: May 19 14:06 CDT
Output:
----------------------------------------------------------
Running main() from /Users/ericzhou/Desktop/Productivity/Projects/Serious/MatchingEngine/build-release/_deps/googletest-src/googletest/src/gtest_main.cc
Note: Google Test filter = OrderBookTest.ModifyInvalidPriceOrQuantityRejectsWithoutChangingOrder
[==========] Running 1 test from 1 test suite.
[----------] Global test environment set-up.
[----------] 1 test from OrderBookTest
[ RUN      ] OrderBookTest.ModifyInvalidPriceOrQuantityRejectsWithoutChangingOrder
[       OK ] OrderBookTest.ModifyInvalidPriceOrQuantityRejectsWithoutChangingOrder (0 ms)
[----------] 1 test from OrderBookTest (0 ms total)

[----------] Global test environment tear-down
[==========] 1 test from 1 test suite ran. (0 ms total)
[  PASSED  ] 1 test.
<end of output>
Test time =   0.00 sec
----------------------------------------------------------
Test Passed.
"OrderBookTest.ModifyInvalidPriceOrQuantityRejectsWithoutChangingOrder" end time: May 19 14:06 CDT
"OrderBookTest.ModifyInvalidPriceOrQuantityRejectsWithoutChangingOrder" time elapsed: 00:00:00
----------------------------------------------------------

37/121 Testing: OrderBookTest.ModifyNonRestingOrderRejects
37/121 Test: OrderBookTest.ModifyNonRestingOrderRejects
Command: "/Users/ericzhou/Desktop/Productivity/Projects/Serious/MatchingEngine/build-release/order_book_test" "--gtest_filter=OrderBookTest.ModifyNonRestingOrderRejects" "--gtest_also_run_disabled_tests"
Directory: /Users/ericzhou/Desktop/Productivity/Projects/Serious/MatchingEngine/build-release
"OrderBookTest.ModifyNonRestingOrderRejects" start time: May 19 14:06 CDT
Output:
----------------------------------------------------------
Running main() from /Users/ericzhou/Desktop/Productivity/Projects/Serious/MatchingEngine/build-release/_deps/googletest-src/googletest/src/gtest_main.cc
Note: Google Test filter = OrderBookTest.ModifyNonRestingOrderRejects
[==========] Running 1 test from 1 test suite.
[----------] Global test environment set-up.
[----------] 1 test from OrderBookTest
[ RUN      ] OrderBookTest.ModifyNonRestingOrderRejects
[       OK ] OrderBookTest.ModifyNonRestingOrderRejects (0 ms)
[----------] 1 test from OrderBookTest (0 ms total)

[----------] Global test environment tear-down
[==========] 1 test from 1 test suite ran. (0 ms total)
[  PASSED  ] 1 test.
<end of output>
Test time =   0.00 sec
----------------------------------------------------------
Test Passed.
"OrderBookTest.ModifyNonRestingOrderRejects" end time: May 19 14:06 CDT
"OrderBookTest.ModifyNonRestingOrderRejects" time elapsed: 00:00:00
----------------------------------------------------------

38/121 Testing: OrderBookTest.ReplacementModifyCanMatchAndRestRemainder
38/121 Test: OrderBookTest.ReplacementModifyCanMatchAndRestRemainder
Command: "/Users/ericzhou/Desktop/Productivity/Projects/Serious/MatchingEngine/build-release/order_book_test" "--gtest_filter=OrderBookTest.ReplacementModifyCanMatchAndRestRemainder" "--gtest_also_run_disabled_tests"
Directory: /Users/ericzhou/Desktop/Productivity/Projects/Serious/MatchingEngine/build-release
"OrderBookTest.ReplacementModifyCanMatchAndRestRemainder" start time: May 19 14:06 CDT
Output:
----------------------------------------------------------
Running main() from /Users/ericzhou/Desktop/Productivity/Projects/Serious/MatchingEngine/build-release/_deps/googletest-src/googletest/src/gtest_main.cc
Note: Google Test filter = OrderBookTest.ReplacementModifyCanMatchAndRestRemainder
[==========] Running 1 test from 1 test suite.
[----------] Global test environment set-up.
[----------] 1 test from OrderBookTest
[ RUN      ] OrderBookTest.ReplacementModifyCanMatchAndRestRemainder
[       OK ] OrderBookTest.ReplacementModifyCanMatchAndRestRemainder (0 ms)
[----------] 1 test from OrderBookTest (0 ms total)

[----------] Global test environment tear-down
[==========] 1 test from 1 test suite ran. (0 ms total)
[  PASSED  ] 1 test.
<end of output>
Test time =   0.00 sec
----------------------------------------------------------
Test Passed.
"OrderBookTest.ReplacementModifyCanMatchAndRestRemainder" end time: May 19 14:06 CDT
"OrderBookTest.ReplacementModifyCanMatchAndRestRemainder" time elapsed: 00:00:00
----------------------------------------------------------

39/121 Testing: OrderBookTest.ReplacementModifyFullyFillsLeavesModifiedOrderNonResting
39/121 Test: OrderBookTest.ReplacementModifyFullyFillsLeavesModifiedOrderNonResting
Command: "/Users/ericzhou/Desktop/Productivity/Projects/Serious/MatchingEngine/build-release/order_book_test" "--gtest_filter=OrderBookTest.ReplacementModifyFullyFillsLeavesModifiedOrderNonResting" "--gtest_also_run_disabled_tests"
Directory: /Users/ericzhou/Desktop/Productivity/Projects/Serious/MatchingEngine/build-release
"OrderBookTest.ReplacementModifyFullyFillsLeavesModifiedOrderNonResting" start time: May 19 14:06 CDT
Output:
----------------------------------------------------------
Running main() from /Users/ericzhou/Desktop/Productivity/Projects/Serious/MatchingEngine/build-release/_deps/googletest-src/googletest/src/gtest_main.cc
Note: Google Test filter = OrderBookTest.ReplacementModifyFullyFillsLeavesModifiedOrderNonResting
[==========] Running 1 test from 1 test suite.
[----------] Global test environment set-up.
[----------] 1 test from OrderBookTest
[ RUN      ] OrderBookTest.ReplacementModifyFullyFillsLeavesModifiedOrderNonResting
[       OK ] OrderBookTest.ReplacementModifyFullyFillsLeavesModifiedOrderNonResting (0 ms)
[----------] 1 test from OrderBookTest (0 ms total)

[----------] Global test environment tear-down
[==========] 1 test from 1 test suite ran. (0 ms total)
[  PASSED  ] 1 test.
<end of output>
Test time =   0.00 sec
----------------------------------------------------------
Test Passed.
"OrderBookTest.ReplacementModifyFullyFillsLeavesModifiedOrderNonResting" end time: May 19 14:06 CDT
"OrderBookTest.ReplacementModifyFullyFillsLeavesModifiedOrderNonResting" time elapsed: 00:00:00
----------------------------------------------------------

40/121 Testing: OrderBookTest.ReplacementModifyDoesNotEmitCancelAcceptPair
40/121 Test: OrderBookTest.ReplacementModifyDoesNotEmitCancelAcceptPair
Command: "/Users/ericzhou/Desktop/Productivity/Projects/Serious/MatchingEngine/build-release/order_book_test" "--gtest_filter=OrderBookTest.ReplacementModifyDoesNotEmitCancelAcceptPair" "--gtest_also_run_disabled_tests"
Directory: /Users/ericzhou/Desktop/Productivity/Projects/Serious/MatchingEngine/build-release
"OrderBookTest.ReplacementModifyDoesNotEmitCancelAcceptPair" start time: May 19 14:06 CDT
Output:
----------------------------------------------------------
Running main() from /Users/ericzhou/Desktop/Productivity/Projects/Serious/MatchingEngine/build-release/_deps/googletest-src/googletest/src/gtest_main.cc
Note: Google Test filter = OrderBookTest.ReplacementModifyDoesNotEmitCancelAcceptPair
[==========] Running 1 test from 1 test suite.
[----------] Global test environment set-up.
[----------] 1 test from OrderBookTest
[ RUN      ] OrderBookTest.ReplacementModifyDoesNotEmitCancelAcceptPair
[       OK ] OrderBookTest.ReplacementModifyDoesNotEmitCancelAcceptPair (0 ms)
[----------] 1 test from OrderBookTest (0 ms total)

[----------] Global test environment tear-down
[==========] 1 test from 1 test suite ran. (0 ms total)
[  PASSED  ] 1 test.
<end of output>
Test time =   0.00 sec
----------------------------------------------------------
Test Passed.
"OrderBookTest.ReplacementModifyDoesNotEmitCancelAcceptPair" end time: May 19 14:06 CDT
"OrderBookTest.ReplacementModifyDoesNotEmitCancelAcceptPair" time elapsed: 00:00:00
----------------------------------------------------------

41/121 Testing: OrderBookTest.SnapshotPreservesBookOrdering
41/121 Test: OrderBookTest.SnapshotPreservesBookOrdering
Command: "/Users/ericzhou/Desktop/Productivity/Projects/Serious/MatchingEngine/build-release/order_book_test" "--gtest_filter=OrderBookTest.SnapshotPreservesBookOrdering" "--gtest_also_run_disabled_tests"
Directory: /Users/ericzhou/Desktop/Productivity/Projects/Serious/MatchingEngine/build-release
"OrderBookTest.SnapshotPreservesBookOrdering" start time: May 19 14:06 CDT
Output:
----------------------------------------------------------
Running main() from /Users/ericzhou/Desktop/Productivity/Projects/Serious/MatchingEngine/build-release/_deps/googletest-src/googletest/src/gtest_main.cc
Note: Google Test filter = OrderBookTest.SnapshotPreservesBookOrdering
[==========] Running 1 test from 1 test suite.
[----------] Global test environment set-up.
[----------] 1 test from OrderBookTest
[ RUN      ] OrderBookTest.SnapshotPreservesBookOrdering
[       OK ] OrderBookTest.SnapshotPreservesBookOrdering (0 ms)
[----------] 1 test from OrderBookTest (0 ms total)

[----------] Global test environment tear-down
[==========] 1 test from 1 test suite ran. (0 ms total)
[  PASSED  ] 1 test.
<end of output>
Test time =   0.00 sec
----------------------------------------------------------
Test Passed.
"OrderBookTest.SnapshotPreservesBookOrdering" end time: May 19 14:06 CDT
"OrderBookTest.SnapshotPreservesBookOrdering" time elapsed: 00:00:00
----------------------------------------------------------

42/121 Testing: ExchangeTest.CancelRoutesDirectlyToOwningSymbolBook
42/121 Test: ExchangeTest.CancelRoutesDirectlyToOwningSymbolBook
Command: "/Users/ericzhou/Desktop/Productivity/Projects/Serious/MatchingEngine/build-release/exchange_test" "--gtest_filter=ExchangeTest.CancelRoutesDirectlyToOwningSymbolBook" "--gtest_also_run_disabled_tests"
Directory: /Users/ericzhou/Desktop/Productivity/Projects/Serious/MatchingEngine/build-release
"ExchangeTest.CancelRoutesDirectlyToOwningSymbolBook" start time: May 19 14:06 CDT
Output:
----------------------------------------------------------
Running main() from /Users/ericzhou/Desktop/Productivity/Projects/Serious/MatchingEngine/build-release/_deps/googletest-src/googletest/src/gtest_main.cc
Note: Google Test filter = ExchangeTest.CancelRoutesDirectlyToOwningSymbolBook
[==========] Running 1 test from 1 test suite.
[----------] Global test environment set-up.
[----------] 1 test from ExchangeTest
[ RUN      ] ExchangeTest.CancelRoutesDirectlyToOwningSymbolBook
[       OK ] ExchangeTest.CancelRoutesDirectlyToOwningSymbolBook (0 ms)
[----------] 1 test from ExchangeTest (0 ms total)

[----------] Global test environment tear-down
[==========] 1 test from 1 test suite ran. (0 ms total)
[  PASSED  ] 1 test.
<end of output>
Test time =   0.00 sec
----------------------------------------------------------
Test Passed.
"ExchangeTest.CancelRoutesDirectlyToOwningSymbolBook" end time: May 19 14:06 CDT
"ExchangeTest.CancelRoutesDirectlyToOwningSymbolBook" time elapsed: 00:00:00
----------------------------------------------------------

43/121 Testing: ExchangeTest.DuplicateOrderIdAcrossSymbolsIsRejectedUntilOriginalLeavesIndex
43/121 Test: ExchangeTest.DuplicateOrderIdAcrossSymbolsIsRejectedUntilOriginalLeavesIndex
Command: "/Users/ericzhou/Desktop/Productivity/Projects/Serious/MatchingEngine/build-release/exchange_test" "--gtest_filter=ExchangeTest.DuplicateOrderIdAcrossSymbolsIsRejectedUntilOriginalLeavesIndex" "--gtest_also_run_disabled_tests"
Directory: /Users/ericzhou/Desktop/Productivity/Projects/Serious/MatchingEngine/build-release
"ExchangeTest.DuplicateOrderIdAcrossSymbolsIsRejectedUntilOriginalLeavesIndex" start time: May 19 14:06 CDT
Output:
----------------------------------------------------------
Running main() from /Users/ericzhou/Desktop/Productivity/Projects/Serious/MatchingEngine/build-release/_deps/googletest-src/googletest/src/gtest_main.cc
Note: Google Test filter = ExchangeTest.DuplicateOrderIdAcrossSymbolsIsRejectedUntilOriginalLeavesIndex
[==========] Running 1 test from 1 test suite.
[----------] Global test environment set-up.
[----------] 1 test from ExchangeTest
[ RUN      ] ExchangeTest.DuplicateOrderIdAcrossSymbolsIsRejectedUntilOriginalLeavesIndex
[       OK ] ExchangeTest.DuplicateOrderIdAcrossSymbolsIsRejectedUntilOriginalLeavesIndex (0 ms)
[----------] 1 test from ExchangeTest (0 ms total)

[----------] Global test environment tear-down
[==========] 1 test from 1 test suite ran. (0 ms total)
[  PASSED  ] 1 test.
<end of output>
Test time =   0.00 sec
----------------------------------------------------------
Test Passed.
"ExchangeTest.DuplicateOrderIdAcrossSymbolsIsRejectedUntilOriginalLeavesIndex" end time: May 19 14:06 CDT
"ExchangeTest.DuplicateOrderIdAcrossSymbolsIsRejectedUntilOriginalLeavesIndex" time elapsed: 00:00:00
----------------------------------------------------------

44/121 Testing: ExchangeTest.MarketOrderDuplicateIdIsRejectedAgainstRestingOrder
44/121 Test: ExchangeTest.MarketOrderDuplicateIdIsRejectedAgainstRestingOrder
Command: "/Users/ericzhou/Desktop/Productivity/Projects/Serious/MatchingEngine/build-release/exchange_test" "--gtest_filter=ExchangeTest.MarketOrderDuplicateIdIsRejectedAgainstRestingOrder" "--gtest_also_run_disabled_tests"
Directory: /Users/ericzhou/Desktop/Productivity/Projects/Serious/MatchingEngine/build-release
"ExchangeTest.MarketOrderDuplicateIdIsRejectedAgainstRestingOrder" start time: May 19 14:06 CDT
Output:
----------------------------------------------------------
Running main() from /Users/ericzhou/Desktop/Productivity/Projects/Serious/MatchingEngine/build-release/_deps/googletest-src/googletest/src/gtest_main.cc
Note: Google Test filter = ExchangeTest.MarketOrderDuplicateIdIsRejectedAgainstRestingOrder
[==========] Running 1 test from 1 test suite.
[----------] Global test environment set-up.
[----------] 1 test from ExchangeTest
[ RUN      ] ExchangeTest.MarketOrderDuplicateIdIsRejectedAgainstRestingOrder
[       OK ] ExchangeTest.MarketOrderDuplicateIdIsRejectedAgainstRestingOrder (0 ms)
[----------] 1 test from ExchangeTest (0 ms total)

[----------] Global test environment tear-down
[==========] 1 test from 1 test suite ran. (0 ms total)
[  PASSED  ] 1 test.
<end of output>
Test time =   0.00 sec
----------------------------------------------------------
Test Passed.
"ExchangeTest.MarketOrderDuplicateIdIsRejectedAgainstRestingOrder" end time: May 19 14:06 CDT
"ExchangeTest.MarketOrderDuplicateIdIsRejectedAgainstRestingOrder" time elapsed: 00:00:00
----------------------------------------------------------

45/121 Testing: ExchangeTest.UnknownCancelStillReturnsRejectedEvent
45/121 Test: ExchangeTest.UnknownCancelStillReturnsRejectedEvent
Command: "/Users/ericzhou/Desktop/Productivity/Projects/Serious/MatchingEngine/build-release/exchange_test" "--gtest_filter=ExchangeTest.UnknownCancelStillReturnsRejectedEvent" "--gtest_also_run_disabled_tests"
Directory: /Users/ericzhou/Desktop/Productivity/Projects/Serious/MatchingEngine/build-release
"ExchangeTest.UnknownCancelStillReturnsRejectedEvent" start time: May 19 14:06 CDT
Output:
----------------------------------------------------------
Running main() from /Users/ericzhou/Desktop/Productivity/Projects/Serious/MatchingEngine/build-release/_deps/googletest-src/googletest/src/gtest_main.cc
Note: Google Test filter = ExchangeTest.UnknownCancelStillReturnsRejectedEvent
[==========] Running 1 test from 1 test suite.
[----------] Global test environment set-up.
[----------] 1 test from ExchangeTest
[ RUN      ] ExchangeTest.UnknownCancelStillReturnsRejectedEvent
[       OK ] ExchangeTest.UnknownCancelStillReturnsRejectedEvent (0 ms)
[----------] 1 test from ExchangeTest (0 ms total)

[----------] Global test environment tear-down
[==========] 1 test from 1 test suite ran. (0 ms total)
[  PASSED  ] 1 test.
<end of output>
Test time =   0.00 sec
----------------------------------------------------------
Test Passed.
"ExchangeTest.UnknownCancelStillReturnsRejectedEvent" end time: May 19 14:06 CDT
"ExchangeTest.UnknownCancelStillReturnsRejectedEvent" time elapsed: 00:00:00
----------------------------------------------------------

46/121 Testing: ExchangeTest.CancelRemovesOrderFromExchangeIndex
46/121 Test: ExchangeTest.CancelRemovesOrderFromExchangeIndex
Command: "/Users/ericzhou/Desktop/Productivity/Projects/Serious/MatchingEngine/build-release/exchange_test" "--gtest_filter=ExchangeTest.CancelRemovesOrderFromExchangeIndex" "--gtest_also_run_disabled_tests"
Directory: /Users/ericzhou/Desktop/Productivity/Projects/Serious/MatchingEngine/build-release
"ExchangeTest.CancelRemovesOrderFromExchangeIndex" start time: May 19 14:06 CDT
Output:
----------------------------------------------------------
Running main() from /Users/ericzhou/Desktop/Productivity/Projects/Serious/MatchingEngine/build-release/_deps/googletest-src/googletest/src/gtest_main.cc
Note: Google Test filter = ExchangeTest.CancelRemovesOrderFromExchangeIndex
[==========] Running 1 test from 1 test suite.
[----------] Global test environment set-up.
[----------] 1 test from ExchangeTest
[ RUN      ] ExchangeTest.CancelRemovesOrderFromExchangeIndex
[       OK ] ExchangeTest.CancelRemovesOrderFromExchangeIndex (0 ms)
[----------] 1 test from ExchangeTest (0 ms total)

[----------] Global test environment tear-down
[==========] 1 test from 1 test suite ran. (0 ms total)
[  PASSED  ] 1 test.
<end of output>
Test time =   0.00 sec
----------------------------------------------------------
Test Passed.
"ExchangeTest.CancelRemovesOrderFromExchangeIndex" end time: May 19 14:06 CDT
"ExchangeTest.CancelRemovesOrderFromExchangeIndex" time elapsed: 00:00:00
----------------------------------------------------------

47/121 Testing: ExchangeTest.SameOrderIdCannotBeCanceledTwiceSuccessfully
47/121 Test: ExchangeTest.SameOrderIdCannotBeCanceledTwiceSuccessfully
Command: "/Users/ericzhou/Desktop/Productivity/Projects/Serious/MatchingEngine/build-release/exchange_test" "--gtest_filter=ExchangeTest.SameOrderIdCannotBeCanceledTwiceSuccessfully" "--gtest_also_run_disabled_tests"
Directory: /Users/ericzhou/Desktop/Productivity/Projects/Serious/MatchingEngine/build-release
"ExchangeTest.SameOrderIdCannotBeCanceledTwiceSuccessfully" start time: May 19 14:06 CDT
Output:
----------------------------------------------------------
Running main() from /Users/ericzhou/Desktop/Productivity/Projects/Serious/MatchingEngine/build-release/_deps/googletest-src/googletest/src/gtest_main.cc
Note: Google Test filter = ExchangeTest.SameOrderIdCannotBeCanceledTwiceSuccessfully
[==========] Running 1 test from 1 test suite.
[----------] Global test environment set-up.
[----------] 1 test from ExchangeTest
[ RUN      ] ExchangeTest.SameOrderIdCannotBeCanceledTwiceSuccessfully
[       OK ] ExchangeTest.SameOrderIdCannotBeCanceledTwiceSuccessfully (0 ms)
[----------] 1 test from ExchangeTest (0 ms total)

[----------] Global test environment tear-down
[==========] 1 test from 1 test suite ran. (0 ms total)
[  PASSED  ] 1 test.
<end of output>
Test time =   0.00 sec
----------------------------------------------------------
Test Passed.
"ExchangeTest.SameOrderIdCannotBeCanceledTwiceSuccessfully" end time: May 19 14:06 CDT
"ExchangeTest.SameOrderIdCannotBeCanceledTwiceSuccessfully" time elapsed: 00:00:00
----------------------------------------------------------

48/121 Testing: ExchangeTest.MultiSymbolCancelDoesNotInvalidateUnrelatedBook
48/121 Test: ExchangeTest.MultiSymbolCancelDoesNotInvalidateUnrelatedBook
Command: "/Users/ericzhou/Desktop/Productivity/Projects/Serious/MatchingEngine/build-release/exchange_test" "--gtest_filter=ExchangeTest.MultiSymbolCancelDoesNotInvalidateUnrelatedBook" "--gtest_also_run_disabled_tests"
Directory: /Users/ericzhou/Desktop/Productivity/Projects/Serious/MatchingEngine/build-release
"ExchangeTest.MultiSymbolCancelDoesNotInvalidateUnrelatedBook" start time: May 19 14:06 CDT
Output:
----------------------------------------------------------
Running main() from /Users/ericzhou/Desktop/Productivity/Projects/Serious/MatchingEngine/build-release/_deps/googletest-src/googletest/src/gtest_main.cc
Note: Google Test filter = ExchangeTest.MultiSymbolCancelDoesNotInvalidateUnrelatedBook
[==========] Running 1 test from 1 test suite.
[----------] Global test environment set-up.
[----------] 1 test from ExchangeTest
[ RUN      ] ExchangeTest.MultiSymbolCancelDoesNotInvalidateUnrelatedBook
[       OK ] ExchangeTest.MultiSymbolCancelDoesNotInvalidateUnrelatedBook (0 ms)
[----------] 1 test from ExchangeTest (0 ms total)

[----------] Global test environment tear-down
[==========] 1 test from 1 test suite ran. (0 ms total)
[  PASSED  ] 1 test.
<end of output>
Test time =   0.00 sec
----------------------------------------------------------
Test Passed.
"ExchangeTest.MultiSymbolCancelDoesNotInvalidateUnrelatedBook" end time: May 19 14:06 CDT
"ExchangeTest.MultiSymbolCancelDoesNotInvalidateUnrelatedBook" time elapsed: 00:00:00
----------------------------------------------------------

49/121 Testing: ExchangeTest.CrossSymbolOrdersDoNotMatchOrAffectEachOther
49/121 Test: ExchangeTest.CrossSymbolOrdersDoNotMatchOrAffectEachOther
Command: "/Users/ericzhou/Desktop/Productivity/Projects/Serious/MatchingEngine/build-release/exchange_test" "--gtest_filter=ExchangeTest.CrossSymbolOrdersDoNotMatchOrAffectEachOther" "--gtest_also_run_disabled_tests"
Directory: /Users/ericzhou/Desktop/Productivity/Projects/Serious/MatchingEngine/build-release
"ExchangeTest.CrossSymbolOrdersDoNotMatchOrAffectEachOther" start time: May 19 14:06 CDT
Output:
----------------------------------------------------------
Running main() from /Users/ericzhou/Desktop/Productivity/Projects/Serious/MatchingEngine/build-release/_deps/googletest-src/googletest/src/gtest_main.cc
Note: Google Test filter = ExchangeTest.CrossSymbolOrdersDoNotMatchOrAffectEachOther
[==========] Running 1 test from 1 test suite.
[----------] Global test environment set-up.
[----------] 1 test from ExchangeTest
[ RUN      ] ExchangeTest.CrossSymbolOrdersDoNotMatchOrAffectEachOther
[       OK ] ExchangeTest.CrossSymbolOrdersDoNotMatchOrAffectEachOther (0 ms)
[----------] 1 test from ExchangeTest (0 ms total)

[----------] Global test environment tear-down
[==========] 1 test from 1 test suite ran. (0 ms total)
[  PASSED  ] 1 test.
<end of output>
Test time =   0.00 sec
----------------------------------------------------------
Test Passed.
"ExchangeTest.CrossSymbolOrdersDoNotMatchOrAffectEachOther" end time: May 19 14:06 CDT
[...]
[  PASSED  ] 1 test.
<end of output>
Test time =   0.00 sec
----------------------------------------------------------
Test Passed.
"ReplayFixtures/GoldenReplayTest.MatchesExpectedOutputTape/"/Users/ericzhou/Desktop/Productivity/Projects/Serious/MatchingEngine/tests/replay/multi_symbol_independence.txt"" end time: May 19 14:06 CDT
"ReplayFixtures/GoldenReplayTest.MatchesExpectedOutputTape/"/Users/ericzhou/Desktop/Productivity/Projects/Serious/MatchingEngine/tests/replay/multi_symbol_independence.txt"" time elapsed: 00:00:00
----------------------------------------------------------

111/121 Testing: ReplayFixtures/GoldenReplayTest.MatchesExpectedOutputTape/"/Users/ericzhou/Desktop/Productivity/Projects/Serious/MatchingEngine/tests/replay/partial_fill_remainder.txt"
111/121 Test: ReplayFixtures/GoldenReplayTest.MatchesExpectedOutputTape/"/Users/ericzhou/Desktop/Productivity/Projects/Serious/MatchingEngine/tests/replay/partial_fill_remainder.txt"
Command: "/Users/ericzhou/Desktop/Productivity/Projects/Serious/MatchingEngine/build-release/golden_replay_tests" "--gtest_filter=ReplayFixtures/GoldenReplayTest.MatchesExpectedOutputTape/partial_fill_remainder" "--gtest_also_run_disabled_tests"
Directory: /Users/ericzhou/Desktop/Productivity/Projects/Serious/MatchingEngine/build-release
"ReplayFixtures/GoldenReplayTest.MatchesExpectedOutputTape/"/Users/ericzhou/Desktop/Productivity/Projects/Serious/MatchingEngine/tests/replay/partial_fill_remainder.txt"" start time: May 19 14:06 CDT
Output:
----------------------------------------------------------
Running main() from /Users/ericzhou/Desktop/Productivity/Projects/Serious/MatchingEngine/build-release/_deps/googletest-src/googletest/src/gtest_main.cc
Note: Google Test filter = ReplayFixtures/GoldenReplayTest.MatchesExpectedOutputTape/partial_fill_remainder
[==========] Running 1 test from 1 test suite.
[----------] Global test environment set-up.
[----------] 1 test from ReplayFixtures/GoldenReplayTest
[ RUN      ] ReplayFixtures/GoldenReplayTest.MatchesExpectedOutputTape/partial_fill_remainder
[       OK ] ReplayFixtures/GoldenReplayTest.MatchesExpectedOutputTape/partial_fill_remainder (0 ms)
[----------] 1 test from ReplayFixtures/GoldenReplayTest (0 ms total)

[----------] Global test environment tear-down
[==========] 1 test from 1 test suite ran. (0 ms total)
[  PASSED  ] 1 test.
<end of output>
Test time =   0.00 sec
----------------------------------------------------------
Test Passed.
"ReplayFixtures/GoldenReplayTest.MatchesExpectedOutputTape/"/Users/ericzhou/Desktop/Productivity/Projects/Serious/MatchingEngine/tests/replay/partial_fill_remainder.txt"" end time: May 19 14:06 CDT
"ReplayFixtures/GoldenReplayTest.MatchesExpectedOutputTape/"/Users/ericzhou/Desktop/Productivity/Projects/Serious/MatchingEngine/tests/replay/partial_fill_remainder.txt"" time elapsed: 00:00:00
----------------------------------------------------------

112/121 Testing: OrderBookInvariantTest.SmallRandomizedStressMaintainsBookInvariants
112/121 Test: OrderBookInvariantTest.SmallRandomizedStressMaintainsBookInvariants
Command: "/Users/ericzhou/Desktop/Productivity/Projects/Serious/MatchingEngine/build-release/order_book_invariant_tests" "--gtest_filter=OrderBookInvariantTest.SmallRandomizedStressMaintainsBookInvariants" "--gtest_also_run_disabled_tests"
Directory: /Users/ericzhou/Desktop/Productivity/Projects/Serious/MatchingEngine/build-release
"OrderBookInvariantTest.SmallRandomizedStressMaintainsBookInvariants" start time: May 19 14:06 CDT
Output:
----------------------------------------------------------
Running main() from /Users/ericzhou/Desktop/Productivity/Projects/Serious/MatchingEngine/build-release/_deps/googletest-src/googletest/src/gtest_main.cc
Note: Google Test filter = OrderBookInvariantTest.SmallRandomizedStressMaintainsBookInvariants
[==========] Running 1 test from 1 test suite.
[----------] Global test environment set-up.
[----------] 1 test from OrderBookInvariantTest
[ RUN      ] OrderBookInvariantTest.SmallRandomizedStressMaintainsBookInvariants
[       OK ] OrderBookInvariantTest.SmallRandomizedStressMaintainsBookInvariants (6 ms)
[----------] 1 test from OrderBookInvariantTest (6 ms total)

[----------] Global test environment tear-down
[==========] 1 test from 1 test suite ran. (6 ms total)
[  PASSED  ] 1 test.
<end of output>
Test time =   0.01 sec
----------------------------------------------------------
Test Passed.
"OrderBookInvariantTest.SmallRandomizedStressMaintainsBookInvariants" end time: May 19 14:06 CDT
"OrderBookInvariantTest.SmallRandomizedStressMaintainsBookInvariants" time elapsed: 00:00:00
----------------------------------------------------------

113/121 Testing: OrderBookInvariantTest.MediumRandomizedStressMaintainsBookInvariants
113/121 Test: OrderBookInvariantTest.MediumRandomizedStressMaintainsBookInvariants
Command: "/Users/ericzhou/Desktop/Productivity/Projects/Serious/MatchingEngine/build-release/order_book_invariant_tests" "--gtest_filter=OrderBookInvariantTest.MediumRandomizedStressMaintainsBookInvariants" "--gtest_also_run_disabled_tests"
Directory: /Users/ericzhou/Desktop/Productivity/Projects/Serious/MatchingEngine/build-release
"OrderBookInvariantTest.MediumRandomizedStressMaintainsBookInvariants" start time: May 19 14:06 CDT
Output:
----------------------------------------------------------
Running main() from /Users/ericzhou/Desktop/Productivity/Projects/Serious/MatchingEngine/build-release/_deps/googletest-src/googletest/src/gtest_main.cc
Note: Google Test filter = OrderBookInvariantTest.MediumRandomizedStressMaintainsBookInvariants
[==========] Running 1 test from 1 test suite.
[----------] Global test environment set-up.
[----------] 1 test from OrderBookInvariantTest
[ RUN      ] OrderBookInvariantTest.MediumRandomizedStressMaintainsBookInvariants
[       OK ] OrderBookInvariantTest.MediumRandomizedStressMaintainsBookInvariants (208 ms)
[----------] 1 test from OrderBookInvariantTest (208 ms total)

[----------] Global test environment tear-down
[==========] 1 test from 1 test suite ran. (208 ms total)
[  PASSED  ] 1 test.
<end of output>
Test time =   0.21 sec
----------------------------------------------------------
Test Passed.
"OrderBookInvariantTest.MediumRandomizedStressMaintainsBookInvariants" end time: May 19 14:06 CDT
"OrderBookInvariantTest.MediumRandomizedStressMaintainsBookInvariants" time elapsed: 00:00:00
----------------------------------------------------------

114/121 Testing: OrderBookRegressionTest.FokRejectDoesNotMutateBook
114/121 Test: OrderBookRegressionTest.FokRejectDoesNotMutateBook
Command: "/Users/ericzhou/Desktop/Productivity/Projects/Serious/MatchingEngine/build-release/order_book_regression_tests" "--gtest_filter=OrderBookRegressionTest.FokRejectDoesNotMutateBook" "--gtest_also_run_disabled_tests"
Directory: /Users/ericzhou/Desktop/Productivity/Projects/Serious/MatchingEngine/build-release
"OrderBookRegressionTest.FokRejectDoesNotMutateBook" start time: May 19 14:06 CDT
Output:
----------------------------------------------------------
Running main() from /Users/ericzhou/Desktop/Productivity/Projects/Serious/MatchingEngine/build-release/_deps/googletest-src/googletest/src/gtest_main.cc
Note: Google Test filter = OrderBookRegressionTest.FokRejectDoesNotMutateBook
[==========] Running 1 test from 1 test suite.
[----------] Global test environment set-up.
[----------] 1 test from OrderBookRegressionTest
[ RUN      ] OrderBookRegressionTest.FokRejectDoesNotMutateBook
[       OK ] OrderBookRegressionTest.FokRejectDoesNotMutateBook (0 ms)
[----------] 1 test from OrderBookRegressionTest (0 ms total)

[----------] Global test environment tear-down
[==========] 1 test from 1 test suite ran. (0 ms total)
[  PASSED  ] 1 test.
<end of output>
Test time =   0.00 sec
----------------------------------------------------------
Test Passed.
"OrderBookRegressionTest.FokRejectDoesNotMutateBook" end time: May 19 14:06 CDT
"OrderBookRegressionTest.FokRejectDoesNotMutateBook" time elapsed: 00:00:00
----------------------------------------------------------

115/121 Testing: OrderBookRegressionTest.IocPartialFillDoesNotRestRemainder
115/121 Test: OrderBookRegressionTest.IocPartialFillDoesNotRestRemainder
Command: "/Users/ericzhou/Desktop/Productivity/Projects/Serious/MatchingEngine/build-release/order_book_regression_tests" "--gtest_filter=OrderBookRegressionTest.IocPartialFillDoesNotRestRemainder" "--gtest_also_run_disabled_tests"
Directory: /Users/ericzhou/Desktop/Productivity/Projects/Serious/MatchingEngine/build-release
"OrderBookRegressionTest.IocPartialFillDoesNotRestRemainder" start time: May 19 14:06 CDT
Output:
----------------------------------------------------------
Running main() from /Users/ericzhou/Desktop/Productivity/Projects/Serious/MatchingEngine/build-release/_deps/googletest-src/googletest/src/gtest_main.cc
Note: Google Test filter = OrderBookRegressionTest.IocPartialFillDoesNotRestRemainder
[==========] Running 1 test from 1 test suite.
[----------] Global test environment set-up.
[----------] 1 test from OrderBookRegressionTest
[ RUN      ] OrderBookRegressionTest.IocPartialFillDoesNotRestRemainder
[       OK ] OrderBookRegressionTest.IocPartialFillDoesNotRestRemainder (0 ms)
[----------] 1 test from OrderBookRegressionTest (0 ms total)

[----------] Global test environment tear-down
[==========] 1 test from 1 test suite ran. (0 ms total)
[  PASSED  ] 1 test.
<end of output>
Test time =   0.00 sec
----------------------------------------------------------
Test Passed.
"OrderBookRegressionTest.IocPartialFillDoesNotRestRemainder" end time: May 19 14:06 CDT
"OrderBookRegressionTest.IocPartialFillDoesNotRestRemainder" time elapsed: 00:00:00
----------------------------------------------------------

116/121 Testing: OrderBookRegressionTest.MarketOrderDoesNotRest
116/121 Test: OrderBookRegressionTest.MarketOrderDoesNotRest
Command: "/Users/ericzhou/Desktop/Productivity/Projects/Serious/MatchingEngine/build-release/order_book_regression_tests" "--gtest_filter=OrderBookRegressionTest.MarketOrderDoesNotRest" "--gtest_also_run_disabled_tests"
Directory: /Users/ericzhou/Desktop/Productivity/Projects/Serious/MatchingEngine/build-release
"OrderBookRegressionTest.MarketOrderDoesNotRest" start time: May 19 14:06 CDT
Output:
----------------------------------------------------------
Running main() from /Users/ericzhou/Desktop/Productivity/Projects/Serious/MatchingEngine/build-release/_deps/googletest-src/googletest/src/gtest_main.cc
Note: Google Test filter = OrderBookRegressionTest.MarketOrderDoesNotRest
[==========] Running 1 test from 1 test suite.
[----------] Global test environment set-up.
[----------] 1 test from OrderBookRegressionTest
[ RUN      ] OrderBookRegressionTest.MarketOrderDoesNotRest
[       OK ] OrderBookRegressionTest.MarketOrderDoesNotRest (0 ms)
[----------] 1 test from OrderBookRegressionTest (0 ms total)

[----------] Global test environment tear-down
[==========] 1 test from 1 test suite ran. (0 ms total)
[  PASSED  ] 1 test.
<end of output>
Test time =   0.00 sec
----------------------------------------------------------
Test Passed.
"OrderBookRegressionTest.MarketOrderDoesNotRest" end time: May 19 14:06 CDT
"OrderBookRegressionTest.MarketOrderDoesNotRest" time elapsed: 00:00:00
----------------------------------------------------------

117/121 Testing: OrderBookRegressionTest.PartialFillThenCancelRemovesOnlyRemainder
117/121 Test: OrderBookRegressionTest.PartialFillThenCancelRemovesOnlyRemainder
Command: "/Users/ericzhou/Desktop/Productivity/Projects/Serious/MatchingEngine/build-release/order_book_regression_tests" "--gtest_filter=OrderBookRegressionTest.PartialFillThenCancelRemovesOnlyRemainder" "--gtest_also_run_disabled_tests"
Directory: /Users/ericzhou/Desktop/Productivity/Projects/Serious/MatchingEngine/build-release
"OrderBookRegressionTest.PartialFillThenCancelRemovesOnlyRemainder" start time: May 19 14:06 CDT
Output:
----------------------------------------------------------
Running main() from /Users/ericzhou/Desktop/Productivity/Projects/Serious/MatchingEngine/build-release/_deps/googletest-src/googletest/src/gtest_main.cc
Note: Google Test filter = OrderBookRegressionTest.PartialFillThenCancelRemovesOnlyRemainder
[==========] Running 1 test from 1 test suite.
[----------] Global test environment set-up.
[----------] 1 test from OrderBookRegressionTest
[ RUN      ] OrderBookRegressionTest.PartialFillThenCancelRemovesOnlyRemainder
[       OK ] OrderBookRegressionTest.PartialFillThenCancelRemovesOnlyRemainder (0 ms)
[----------] 1 test from OrderBookRegressionTest (0 ms total)

[----------] Global test environment tear-down
[==========] 1 test from 1 test suite ran. (0 ms total)
[  PASSED  ] 1 test.
<end of output>
Test time =   0.00 sec
----------------------------------------------------------
Test Passed.
"OrderBookRegressionTest.PartialFillThenCancelRemovesOnlyRemainder" end time: May 19 14:06 CDT
"OrderBookRegressionTest.PartialFillThenCancelRemovesOnlyRemainder" time elapsed: 00:00:00
----------------------------------------------------------

118/121 Testing: OrderBookRegressionTest.LastCancelRemovesEmptyPriceLevel
118/121 Test: OrderBookRegressionTest.LastCancelRemovesEmptyPriceLevel
Command: "/Users/ericzhou/Desktop/Productivity/Projects/Serious/MatchingEngine/build-release/order_book_regression_tests" "--gtest_filter=OrderBookRegressionTest.LastCancelRemovesEmptyPriceLevel" "--gtest_also_run_disabled_tests"
Directory: /Users/ericzhou/Desktop/Productivity/Projects/Serious/MatchingEngine/build-release
"OrderBookRegressionTest.LastCancelRemovesEmptyPriceLevel" start time: May 19 14:06 CDT
Output:
----------------------------------------------------------
Running main() from /Users/ericzhou/Desktop/Productivity/Projects/Serious/MatchingEngine/build-release/_deps/googletest-src/googletest/src/gtest_main.cc
Note: Google Test filter = OrderBookRegressionTest.LastCancelRemovesEmptyPriceLevel
[==========] Running 1 test from 1 test suite.
[----------] Global test environment set-up.
[----------] 1 test from OrderBookRegressionTest
[ RUN      ] OrderBookRegressionTest.LastCancelRemovesEmptyPriceLevel
[       OK ] OrderBookRegressionTest.LastCancelRemovesEmptyPriceLevel (0 ms)
[----------] 1 test from OrderBookRegressionTest (0 ms total)

[----------] Global test environment tear-down
[==========] 1 test from 1 test suite ran. (0 ms total)
[  PASSED  ] 1 test.
<end of output>
Test time =   0.00 sec
----------------------------------------------------------
Test Passed.
"OrderBookRegressionTest.LastCancelRemovesEmptyPriceLevel" end time: May 19 14:06 CDT
"OrderBookRegressionTest.LastCancelRemovesEmptyPriceLevel" time elapsed: 00:00:00
----------------------------------------------------------

119/121 Testing: OrderBookRegressionTest.CrossingOrderPreservesPriceTimePriority
119/121 Test: OrderBookRegressionTest.CrossingOrderPreservesPriceTimePriority
Command: "/Users/ericzhou/Desktop/Productivity/Projects/Serious/MatchingEngine/build-release/order_book_regression_tests" "--gtest_filter=OrderBookRegressionTest.CrossingOrderPreservesPriceTimePriority" "--gtest_also_run_disabled_tests"
Directory: /Users/ericzhou/Desktop/Productivity/Projects/Serious/MatchingEngine/build-release
"OrderBookRegressionTest.CrossingOrderPreservesPriceTimePriority" start time: May 19 14:06 CDT
Output:
----------------------------------------------------------
Running main() from /Users/ericzhou/Desktop/Productivity/Projects/Serious/MatchingEngine/build-release/_deps/googletest-src/googletest/src/gtest_main.cc
Note: Google Test filter = OrderBookRegressionTest.CrossingOrderPreservesPriceTimePriority
[==========] Running 1 test from 1 test suite.
[----------] Global test environment set-up.
[----------] 1 test from OrderBookRegressionTest
[ RUN      ] OrderBookRegressionTest.CrossingOrderPreservesPriceTimePriority
[       OK ] OrderBookRegressionTest.CrossingOrderPreservesPriceTimePriority (0 ms)
[----------] 1 test from OrderBookRegressionTest (0 ms total)

[----------] Global test environment tear-down
[==========] 1 test from 1 test suite ran. (0 ms total)
[  PASSED  ] 1 test.
<end of output>
Test time =   0.00 sec
----------------------------------------------------------
Test Passed.
"OrderBookRegressionTest.CrossingOrderPreservesPriceTimePriority" end time: May 19 14:06 CDT
"OrderBookRegressionTest.CrossingOrderPreservesPriceTimePriority" time elapsed: 00:00:00
----------------------------------------------------------

120/121 Testing: OrderBookRegressionTest.CrossingOrderConsumesBetterPricesFirst
120/121 Test: OrderBookRegressionTest.CrossingOrderConsumesBetterPricesFirst
Command: "/Users/ericzhou/Desktop/Productivity/Projects/Serious/MatchingEngine/build-release/order_book_regression_tests" "--gtest_filter=OrderBookRegressionTest.CrossingOrderConsumesBetterPricesFirst" "--gtest_also_run_disabled_tests"
Directory: /Users/ericzhou/Desktop/Productivity/Projects/Serious/MatchingEngine/build-release
"OrderBookRegressionTest.CrossingOrderConsumesBetterPricesFirst" start time: May 19 14:06 CDT
Output:
----------------------------------------------------------
Running main() from /Users/ericzhou/Desktop/Productivity/Projects/Serious/MatchingEngine/build-release/_deps/googletest-src/googletest/src/gtest_main.cc
Note: Google Test filter = OrderBookRegressionTest.CrossingOrderConsumesBetterPricesFirst
[==========] Running 1 test from 1 test suite.
[----------] Global test environment set-up.
[----------] 1 test from OrderBookRegressionTest
[ RUN      ] OrderBookRegressionTest.CrossingOrderConsumesBetterPricesFirst
[       OK ] OrderBookRegressionTest.CrossingOrderConsumesBetterPricesFirst (0 ms)
[----------] 1 test from OrderBookRegressionTest (0 ms total)

[----------] Global test environment tear-down
[==========] 1 test from 1 test suite ran. (0 ms total)
[  PASSED  ] 1 test.
<end of output>
Test time =   0.00 sec
----------------------------------------------------------
Test Passed.
"OrderBookRegressionTest.CrossingOrderConsumesBetterPricesFirst" end time: May 19 14:06 CDT
"OrderBookRegressionTest.CrossingOrderConsumesBetterPricesFirst" time elapsed: 00:00:00
----------------------------------------------------------

121/121 Testing: ExchangeRegressionTest.MultiSymbolBooksStayIndependent
121/121 Test: ExchangeRegressionTest.MultiSymbolBooksStayIndependent
Command: "/Users/ericzhou/Desktop/Productivity/Projects/Serious/MatchingEngine/build-release/order_book_regression_tests" "--gtest_filter=ExchangeRegressionTest.MultiSymbolBooksStayIndependent" "--gtest_also_run_disabled_tests"
Directory: /Users/ericzhou/Desktop/Productivity/Projects/Serious/MatchingEngine/build-release
"ExchangeRegressionTest.MultiSymbolBooksStayIndependent" start time: May 19 14:06 CDT
Output:
----------------------------------------------------------
Running main() from /Users/ericzhou/Desktop/Productivity/Projects/Serious/MatchingEngine/build-release/_deps/googletest-src/googletest/src/gtest_main.cc
Note: Google Test filter = ExchangeRegressionTest.MultiSymbolBooksStayIndependent
[==========] Running 1 test from 1 test suite.
[----------] Global test environment set-up.
[----------] 1 test from ExchangeRegressionTest
[ RUN      ] ExchangeRegressionTest.MultiSymbolBooksStayIndependent
[       OK ] ExchangeRegressionTest.MultiSymbolBooksStayIndependent (0 ms)
[----------] 1 test from ExchangeRegressionTest (0 ms total)

[----------] Global test environment tear-down
[==========] 1 test from 1 test suite ran. (0 ms total)
[  PASSED  ] 1 test.
<end of output>
Test time =   0.00 sec
----------------------------------------------------------
Test Passed.
"ExchangeRegressionTest.MultiSymbolBooksStayIndependent" end time: May 19 14:06 CDT
"ExchangeRegressionTest.MultiSymbolBooksStayIndependent" time elapsed: 00:00:00
----------------------------------------------------------

End testing: May 19 14:06 CDT
